INFO - 2024-01-13 06:10:44 --> Session: Class initialized using 'CodeIgniter\Session\Handlers\FileHandler' driver.
INFO - 2024-01-13 06:10:52 --> Session: Class initialized using 'CodeIgniter\Session\Handlers\FileHandler' driver.
INFO - 2024-01-13 06:10:52 --> Session: Class initialized using 'CodeIgniter\Session\Handlers\FileHandler' driver.
INFO - 2024-01-13 06:10:58 --> Session: Class initialized using 'CodeIgniter\Session\Handlers\FileHandler' driver.
INFO - 2024-01-13 06:11:03 --> Session: Class initialized using 'CodeIgniter\Session\Handlers\FileHandler' driver.
INFO - 2024-01-13 06:11:03 --> Session: Class initialized using 'CodeIgniter\Session\Handlers\FileHandler' driver.
INFO - 2024-01-13 06:11:10 --> Session: Class initialized using 'CodeIgniter\Session\Handlers\FileHandler' driver.
INFO - 2024-01-13 06:14:25 --> Session: Class initialized using 'CodeIgniter\Session\Handlers\FileHandler' driver.
INFO - 2024-01-13 06:17:54 --> Session: Class initialized using 'CodeIgniter\Session\Handlers\FileHandler' driver.
INFO - 2024-01-13 06:22:28 --> Session: Class initialized using 'CodeIgniter\Session\Handlers\FileHandler' driver.
INFO - 2024-01-13 06:39:30 --> Session: Class initialized using 'CodeIgniter\Session\Handlers\FileHandler' driver.
INFO - 2024-01-13 06:44:46 --> Session: Class initialized using 'CodeIgniter\Session\Handlers\FileHandler' driver.
INFO - 2024-01-13 06:46:17 --> Session: Class initialized using 'CodeIgniter\Session\Handlers\FileHandler' driver.
INFO - 2024-01-13 06:46:39 --> Session: Class initialized using 'CodeIgniter\Session\Handlers\FileHandler' driver.
INFO - 2024-01-13 06:53:46 --> Session: Class initialized using 'CodeIgniter\Session\Handlers\FileHandler' driver.
INFO - 2024-01-13 06:54:22 --> Session: Class initialized using 'CodeIgniter\Session\Handlers\FileHandler' driver.
CRITICAL - 2024-01-13 06:54:22 --> Undefined array key "menu_name"
in APPPATH\Views\admin\pages.php on line 54.
 1 APPPATH\Views\admin\pages.php(54): CodeIgniter\Debug\Exceptions->errorHandler(2, 'Undefined array key "menu_name"', 'C:\\xampp\\htdocs\\code_igniter\\app\\Views\\admin\\pages.php', 54)
 2 SYSTEMPATH\View\View.php(228): include('C:\\xampp\\htdocs\\code_igniter\\app\\Views\\admin\\pages.php')
 3 SYSTEMPATH\View\View.php(231): CodeIgniter\View\View->CodeIgniter\View\{closure}()
 4 SYSTEMPATH\Common.php(1190): CodeIgniter\View\View->render('admin/pages', [], true)
 5 APPPATH\Controllers\Admin.php(127): view('admin/pages', [...])
 6 SYSTEMPATH\CodeIgniter.php(942): App\Controllers\Admin->pages()
 7 SYSTEMPATH\CodeIgniter.php(502): CodeIgniter\CodeIgniter->runController(Object(App\Controllers\Admin))
 8 SYSTEMPATH\CodeIgniter.php(361): CodeIgniter\CodeIgniter->handleRequest(null, Object(Config\Cache), false)
 9 FCPATH\index.php(79): CodeIgniter\CodeIgniter->run()
INFO - 2024-01-13 06:55:18 --> Session: Class initialized using 'CodeIgniter\Session\Handlers\FileHandler' driver.
INFO - 2024-01-13 06:55:21 --> Session: Class initialized using 'CodeIgniter\Session\Handlers\FileHandler' driver.
CRITICAL - 2024-01-13 06:55:21 --> Undefined array key "menu_name"
in APPPATH\Views\admin\pages.php on line 54.
 1 APPPATH\Views\admin\pages.php(54): CodeIgniter\Debug\Exceptions->errorHandler(2, 'Undefined array key "menu_name"', 'C:\\xampp\\htdocs\\code_igniter\\app\\Views\\admin\\pages.php', 54)
 2 SYSTEMPATH\View\View.php(228): include('C:\\xampp\\htdocs\\code_igniter\\app\\Views\\admin\\pages.php')
 3 SYSTEMPATH\View\View.php(231): CodeIgniter\View\View->CodeIgniter\View\{closure}()
 4 SYSTEMPATH\Common.php(1190): CodeIgniter\View\View->render('admin/pages', [], true)
 5 APPPATH\Controllers\Admin.php(127): view('admin/pages', [...])
 6 SYSTEMPATH\CodeIgniter.php(942): App\Controllers\Admin->pages()
 7 SYSTEMPATH\CodeIgniter.php(502): CodeIgniter\CodeIgniter->runController(Object(App\Controllers\Admin))
 8 SYSTEMPATH\CodeIgniter.php(361): CodeIgniter\CodeIgniter->handleRequest(null, Object(Config\Cache), false)
 9 FCPATH\index.php(79): CodeIgniter\CodeIgniter->run()
INFO - 2024-01-13 06:58:15 --> Session: Class initialized using 'CodeIgniter\Session\Handlers\FileHandler' driver.
INFO - 2024-01-13 06:58:44 --> Session: Class initialized using 'CodeIgniter\Session\Handlers\FileHandler' driver.
CRITICAL - 2024-01-13 06:58:44 --> Undefined array key ""
in APPPATH\Views\admin\pages.php on line 54.
 1 APPPATH\Views\admin\pages.php(54): CodeIgniter\Debug\Exceptions->errorHandler(2, 'Undefined array key ""', 'C:\\xampp\\htdocs\\code_igniter\\app\\Views\\admin\\pages.php', 54)
 2 SYSTEMPATH\View\View.php(228): include('C:\\xampp\\htdocs\\code_igniter\\app\\Views\\admin\\pages.php')
 3 SYSTEMPATH\View\View.php(231): CodeIgniter\View\View->CodeIgniter\View\{closure}()
 4 SYSTEMPATH\Common.php(1190): CodeIgniter\View\View->render('admin/pages', [], true)
 5 APPPATH\Controllers\Admin.php(127): view('admin/pages', [...])
 6 SYSTEMPATH\CodeIgniter.php(942): App\Controllers\Admin->pages()
 7 SYSTEMPATH\CodeIgniter.php(502): CodeIgniter\CodeIgniter->runController(Object(App\Controllers\Admin))
 8 SYSTEMPATH\CodeIgniter.php(361): CodeIgniter\CodeIgniter->handleRequest(null, Object(Config\Cache), false)
 9 FCPATH\index.php(79): CodeIgniter\CodeIgniter->run()
INFO - 2024-01-13 06:59:15 --> Session: Class initialized using 'CodeIgniter\Session\Handlers\FileHandler' driver.
INFO - 2024-01-13 06:59:31 --> Session: Class initialized using 'CodeIgniter\Session\Handlers\FileHandler' driver.
INFO - 2024-01-13 07:02:50 --> Session: Class initialized using 'CodeIgniter\Session\Handlers\FileHandler' driver.
INFO - 2024-01-13 07:03:30 --> Session: Class initialized using 'CodeIgniter\Session\Handlers\FileHandler' driver.
INFO - 2024-01-13 07:14:12 --> Session: Class initialized using 'CodeIgniter\Session\Handlers\FileHandler' driver.
INFO - 2024-01-13 07:14:42 --> Session: Class initialized using 'CodeIgniter\Session\Handlers\FileHandler' driver.
INFO - 2024-01-13 07:23:22 --> Session: Class initialized using 'CodeIgniter\Session\Handlers\FileHandler' driver.
INFO - 2024-01-13 07:25:59 --> Session: Class initialized using 'CodeIgniter\Session\Handlers\FileHandler' driver.
INFO - 2024-01-13 07:27:37 --> Session: Class initialized using 'CodeIgniter\Session\Handlers\FileHandler' driver.
INFO - 2024-01-13 07:29:46 --> Session: Class initialized using 'CodeIgniter\Session\Handlers\FileHandler' driver.
INFO - 2024-01-13 07:32:56 --> Session: Class initialized using 'CodeIgniter\Session\Handlers\FileHandler' driver.
INFO - 2024-01-13 07:33:13 --> Session: Class initialized using 'CodeIgniter\Session\Handlers\FileHandler' driver.
INFO - 2024-01-13 07:36:46 --> Session: Class initialized using 'CodeIgniter\Session\Handlers\FileHandler' driver.
INFO - 2024-01-13 07:43:53 --> Session: Class initialized using 'CodeIgniter\Session\Handlers\FileHandler' driver.
INFO - 2024-01-13 07:46:30 --> Session: Class initialized using 'CodeIgniter\Session\Handlers\FileHandler' driver.
INFO - 2024-01-13 07:50:42 --> Session: Class initialized using 'CodeIgniter\Session\Handlers\FileHandler' driver.
INFO - 2024-01-13 07:51:38 --> Session: Class initialized using 'CodeIgniter\Session\Handlers\FileHandler' driver.
CRITICAL - 2024-01-13 07:51:38 --> Undefined array key "menu_name"
in APPPATH\Views\admin\pages.php on line 55.
 1 APPPATH\Views\admin\pages.php(55): CodeIgniter\Debug\Exceptions->errorHandler(2, 'Undefined array key "menu_name"', 'C:\\xampp\\htdocs\\code_igniter\\app\\Views\\admin\\pages.php', 55)
 2 SYSTEMPATH\View\View.php(228): include('C:\\xampp\\htdocs\\code_igniter\\app\\Views\\admin\\pages.php')
 3 SYSTEMPATH\View\View.php(231): CodeIgniter\View\View->CodeIgniter\View\{closure}()
 4 SYSTEMPATH\Common.php(1190): CodeIgniter\View\View->render('admin/pages', [], true)
 5 APPPATH\Controllers\Admin.php(127): view('admin/pages', [...])
 6 SYSTEMPATH\CodeIgniter.php(942): App\Controllers\Admin->pages()
 7 SYSTEMPATH\CodeIgniter.php(502): CodeIgniter\CodeIgniter->runController(Object(App\Controllers\Admin))
 8 SYSTEMPATH\CodeIgniter.php(361): CodeIgniter\CodeIgniter->handleRequest(null, Object(Config\Cache), false)
 9 FCPATH\index.php(79): CodeIgniter\CodeIgniter->run()
INFO - 2024-01-13 07:55:08 --> Session: Class initialized using 'CodeIgniter\Session\Handlers\FileHandler' driver.
CRITICAL - 2024-01-13 07:55:08 --> Undefined array key "menu_name"
in APPPATH\Views\admin\pages.php on line 55.
 1 APPPATH\Views\admin\pages.php(55): CodeIgniter\Debug\Exceptions->errorHandler(2, 'Undefined array key "menu_name"', 'C:\\xampp\\htdocs\\code_igniter\\app\\Views\\admin\\pages.php', 55)
 2 SYSTEMPATH\View\View.php(228): include('C:\\xampp\\htdocs\\code_igniter\\app\\Views\\admin\\pages.php')
 3 SYSTEMPATH\View\View.php(231): CodeIgniter\View\View->CodeIgniter\View\{closure}()
 4 SYSTEMPATH\Common.php(1190): CodeIgniter\View\View->render('admin/pages', [], true)
 5 APPPATH\Controllers\Admin.php(125): view('admin/pages', [...])
 6 SYSTEMPATH\CodeIgniter.php(942): App\Controllers\Admin->pages()
 7 SYSTEMPATH\CodeIgniter.php(502): CodeIgniter\CodeIgniter->runController(Object(App\Controllers\Admin))
 8 SYSTEMPATH\CodeIgniter.php(361): CodeIgniter\CodeIgniter->handleRequest(null, Object(Config\Cache), false)
 9 FCPATH\index.php(79): CodeIgniter\CodeIgniter->run()
INFO - 2024-01-13 07:55:10 --> Session: Class initialized using 'CodeIgniter\Session\Handlers\FileHandler' driver.
INFO - 2024-01-13 07:55:12 --> Session: Class initialized using 'CodeIgniter\Session\Handlers\FileHandler' driver.
CRITICAL - 2024-01-13 07:55:12 --> Undefined array key "menu_name"
in APPPATH\Views\admin\pages.php on line 55.
 1 APPPATH\Views\admin\pages.php(55): CodeIgniter\Debug\Exceptions->errorHandler(2, 'Undefined array key "menu_name"', 'C:\\xampp\\htdocs\\code_igniter\\app\\Views\\admin\\pages.php', 55)
 2 SYSTEMPATH\View\View.php(228): include('C:\\xampp\\htdocs\\code_igniter\\app\\Views\\admin\\pages.php')
 3 SYSTEMPATH\View\View.php(231): CodeIgniter\View\View->CodeIgniter\View\{closure}()
 4 SYSTEMPATH\Common.php(1190): CodeIgniter\View\View->render('admin/pages', [], true)
 5 APPPATH\Controllers\Admin.php(125): view('admin/pages', [...])
 6 SYSTEMPATH\CodeIgniter.php(942): App\Controllers\Admin->pages()
 7 SYSTEMPATH\CodeIgniter.php(502): CodeIgniter\CodeIgniter->runController(Object(App\Controllers\Admin))
 8 SYSTEMPATH\CodeIgniter.php(361): CodeIgniter\CodeIgniter->handleRequest(null, Object(Config\Cache), false)
 9 FCPATH\index.php(79): CodeIgniter\CodeIgniter->run()
INFO - 2024-01-13 08:05:57 --> Session: Class initialized using 'CodeIgniter\Session\Handlers\FileHandler' driver.
CRITICAL - 2024-01-13 08:05:57 --> Undefined array key "menu_name"
in APPPATH\Views\admin\pages.php on line 55.
 1 APPPATH\Views\admin\pages.php(55): CodeIgniter\Debug\Exceptions->errorHandler(2, 'Undefined array key "menu_name"', 'C:\\xampp\\htdocs\\code_igniter\\app\\Views\\admin\\pages.php', 55)
 2 SYSTEMPATH\View\View.php(228): include('C:\\xampp\\htdocs\\code_igniter\\app\\Views\\admin\\pages.php')
 3 SYSTEMPATH\View\View.php(231): CodeIgniter\View\View->CodeIgniter\View\{closure}()
 4 SYSTEMPATH\Common.php(1190): CodeIgniter\View\View->render('admin/pages', [], true)
 5 APPPATH\Controllers\Admin.php(125): view('admin/pages', [...])
 6 SYSTEMPATH\CodeIgniter.php(942): App\Controllers\Admin->pages()
 7 SYSTEMPATH\CodeIgniter.php(502): CodeIgniter\CodeIgniter->runController(Object(App\Controllers\Admin))
 8 SYSTEMPATH\CodeIgniter.php(361): CodeIgniter\CodeIgniter->handleRequest(null, Object(Config\Cache), false)
 9 FCPATH\index.php(79): CodeIgniter\CodeIgniter->run()
INFO - 2024-01-13 08:16:10 --> Session: Class initialized using 'CodeIgniter\Session\Handlers\FileHandler' driver.
CRITICAL - 2024-01-13 08:16:10 --> Undefined array key "menu_name"
in APPPATH\Views\admin\pages.php on line 55.
 1 APPPATH\Views\admin\pages.php(55): CodeIgniter\Debug\Exceptions->errorHandler(2, 'Undefined array key "menu_name"', 'C:\\xampp\\htdocs\\code_igniter\\app\\Views\\admin\\pages.php', 55)
 2 SYSTEMPATH\View\View.php(228): include('C:\\xampp\\htdocs\\code_igniter\\app\\Views\\admin\\pages.php')
 3 SYSTEMPATH\View\View.php(231): CodeIgniter\View\View->CodeIgniter\View\{closure}()
 4 SYSTEMPATH\Common.php(1190): CodeIgniter\View\View->render('admin/pages', [], true)
 5 APPPATH\Controllers\Admin.php(125): view('admin/pages', [...])
 6 SYSTEMPATH\CodeIgniter.php(942): App\Controllers\Admin->pages()
 7 SYSTEMPATH\CodeIgniter.php(502): CodeIgniter\CodeIgniter->runController(Object(App\Controllers\Admin))
 8 SYSTEMPATH\CodeIgniter.php(361): CodeIgniter\CodeIgniter->handleRequest(null, Object(Config\Cache), false)
 9 FCPATH\index.php(79): CodeIgniter\CodeIgniter->run()
INFO - 2024-01-13 08:16:12 --> Session: Class initialized using 'CodeIgniter\Session\Handlers\FileHandler' driver.
INFO - 2024-01-13 08:16:15 --> Session: Class initialized using 'CodeIgniter\Session\Handlers\FileHandler' driver.
CRITICAL - 2024-01-13 08:16:15 --> Undefined array key "menu_name"
in APPPATH\Views\admin\pages.php on line 55.
 1 APPPATH\Views\admin\pages.php(55): CodeIgniter\Debug\Exceptions->errorHandler(2, 'Undefined array key "menu_name"', 'C:\\xampp\\htdocs\\code_igniter\\app\\Views\\admin\\pages.php', 55)
 2 SYSTEMPATH\View\View.php(228): include('C:\\xampp\\htdocs\\code_igniter\\app\\Views\\admin\\pages.php')
 3 SYSTEMPATH\View\View.php(231): CodeIgniter\View\View->CodeIgniter\View\{closure}()
 4 SYSTEMPATH\Common.php(1190): CodeIgniter\View\View->render('admin/pages', [], true)
 5 APPPATH\Controllers\Admin.php(125): view('admin/pages', [...])
 6 SYSTEMPATH\CodeIgniter.php(942): App\Controllers\Admin->pages()
 7 SYSTEMPATH\CodeIgniter.php(502): CodeIgniter\CodeIgniter->runController(Object(App\Controllers\Admin))
 8 SYSTEMPATH\CodeIgniter.php(361): CodeIgniter\CodeIgniter->handleRequest(null, Object(Config\Cache), false)
 9 FCPATH\index.php(79): CodeIgniter\CodeIgniter->run()
INFO - 2024-01-13 08:16:40 --> Session: Class initialized using 'CodeIgniter\Session\Handlers\FileHandler' driver.
INFO - 2024-01-13 08:19:25 --> Session: Class initialized using 'CodeIgniter\Session\Handlers\FileHandler' driver.
INFO - 2024-01-13 08:19:43 --> Session: Class initialized using 'CodeIgniter\Session\Handlers\FileHandler' driver.
INFO - 2024-01-13 08:20:49 --> Session: Class initialized using 'CodeIgniter\Session\Handlers\FileHandler' driver.
INFO - 2024-01-13 08:22:26 --> Session: Class initialized using 'CodeIgniter\Session\Handlers\FileHandler' driver.
INFO - 2024-01-13 08:24:02 --> Session: Class initialized using 'CodeIgniter\Session\Handlers\FileHandler' driver.
CRITICAL - 2024-01-13 08:24:02 --> Undefined variable $menus
in APPPATH\Views\admin\pages.php on line 139.
 1 APPPATH\Views\admin\pages.php(139): CodeIgniter\Debug\Exceptions->errorHandler(2, 'Undefined variable $menus', 'C:\\xampp\\htdocs\\code_igniter\\app\\Views\\admin\\pages.php', 139)
 2 SYSTEMPATH\View\View.php(228): include('C:\\xampp\\htdocs\\code_igniter\\app\\Views\\admin\\pages.php')
 3 SYSTEMPATH\View\View.php(231): CodeIgniter\View\View->CodeIgniter\View\{closure}()
 4 SYSTEMPATH\Common.php(1190): CodeIgniter\View\View->render('admin/pages', [], true)
 5 APPPATH\Controllers\Admin.php(125): view('admin/pages', [...])
 6 SYSTEMPATH\CodeIgniter.php(942): App\Controllers\Admin->pages()
 7 SYSTEMPATH\CodeIgniter.php(502): CodeIgniter\CodeIgniter->runController(Object(App\Controllers\Admin))
 8 SYSTEMPATH\CodeIgniter.php(361): CodeIgniter\CodeIgniter->handleRequest(null, Object(Config\Cache), false)
 9 FCPATH\index.php(79): CodeIgniter\CodeIgniter->run()
INFO - 2024-01-13 08:24:18 --> Session: Class initialized using 'CodeIgniter\Session\Handlers\FileHandler' driver.
INFO - 2024-01-13 08:25:21 --> Session: Class initialized using 'CodeIgniter\Session\Handlers\FileHandler' driver.
INFO - 2024-01-13 08:25:44 --> Session: Class initialized using 'CodeIgniter\Session\Handlers\FileHandler' driver.
INFO - 2024-01-13 08:31:49 --> Session: Class initialized using 'CodeIgniter\Session\Handlers\FileHandler' driver.
CRITICAL - 2024-01-13 08:31:49 --> Undefined variable $pages
in APPPATH\Views\admin\pages.php on line 139.
 1 APPPATH\Views\admin\pages.php(139): CodeIgniter\Debug\Exceptions->errorHandler(2, 'Undefined variable $pages', 'C:\\xampp\\htdocs\\code_igniter\\app\\Views\\admin\\pages.php', 139)
 2 SYSTEMPATH\View\View.php(228): include('C:\\xampp\\htdocs\\code_igniter\\app\\Views\\admin\\pages.php')
 3 SYSTEMPATH\View\View.php(231): CodeIgniter\View\View->CodeIgniter\View\{closure}()
 4 SYSTEMPATH\Common.php(1190): CodeIgniter\View\View->render('admin/pages', [], true)
 5 APPPATH\Controllers\Admin.php(125): view('admin/pages', [...])
 6 SYSTEMPATH\CodeIgniter.php(942): App\Controllers\Admin->pages()
 7 SYSTEMPATH\CodeIgniter.php(502): CodeIgniter\CodeIgniter->runController(Object(App\Controllers\Admin))
 8 SYSTEMPATH\CodeIgniter.php(361): CodeIgniter\CodeIgniter->handleRequest(null, Object(Config\Cache), false)
 9 FCPATH\index.php(79): CodeIgniter\CodeIgniter->run()
INFO - 2024-01-13 08:31:55 --> Session: Class initialized using 'CodeIgniter\Session\Handlers\FileHandler' driver.
CRITICAL - 2024-01-13 08:31:55 --> Undefined variable $pages
in APPPATH\Views\admin\pages.php on line 139.
 1 APPPATH\Views\admin\pages.php(139): CodeIgniter\Debug\Exceptions->errorHandler(2, 'Undefined variable $pages', 'C:\\xampp\\htdocs\\code_igniter\\app\\Views\\admin\\pages.php', 139)
 2 SYSTEMPATH\View\View.php(228): include('C:\\xampp\\htdocs\\code_igniter\\app\\Views\\admin\\pages.php')
 3 SYSTEMPATH\View\View.php(231): CodeIgniter\View\View->CodeIgniter\View\{closure}()
 4 SYSTEMPATH\Common.php(1190): CodeIgniter\View\View->render('admin/pages', [], true)
 5 APPPATH\Controllers\Admin.php(125): view('admin/pages', [...])
 6 SYSTEMPATH\CodeIgniter.php(942): App\Controllers\Admin->pages()
 7 SYSTEMPATH\CodeIgniter.php(502): CodeIgniter\CodeIgniter->runController(Object(App\Controllers\Admin))
 8 SYSTEMPATH\CodeIgniter.php(361): CodeIgniter\CodeIgniter->handleRequest(null, Object(Config\Cache), false)
 9 FCPATH\index.php(79): CodeIgniter\CodeIgniter->run()
INFO - 2024-01-13 08:32:02 --> Session: Class initialized using 'CodeIgniter\Session\Handlers\FileHandler' driver.
CRITICAL - 2024-01-13 08:32:02 --> Undefined variable $pages
in APPPATH\Views\admin\pages.php on line 51.
 1 APPPATH\Views\admin\pages.php(51): CodeIgniter\Debug\Exceptions->errorHandler(2, 'Undefined variable $pages', 'C:\\xampp\\htdocs\\code_igniter\\app\\Views\\admin\\pages.php', 51)
 2 SYSTEMPATH\View\View.php(228): include('C:\\xampp\\htdocs\\code_igniter\\app\\Views\\admin\\pages.php')
 3 SYSTEMPATH\View\View.php(231): CodeIgniter\View\View->CodeIgniter\View\{closure}()
 4 SYSTEMPATH\Common.php(1190): CodeIgniter\View\View->render('admin/pages', [], true)
 5 APPPATH\Controllers\Admin.php(125): view('admin/pages', [...])
 6 SYSTEMPATH\CodeIgniter.php(942): App\Controllers\Admin->pages()
 7 SYSTEMPATH\CodeIgniter.php(502): CodeIgniter\CodeIgniter->runController(Object(App\Controllers\Admin))
 8 SYSTEMPATH\CodeIgniter.php(361): CodeIgniter\CodeIgniter->handleRequest(null, Object(Config\Cache), false)
 9 FCPATH\index.php(79): CodeIgniter\CodeIgniter->run()
INFO - 2024-01-13 08:32:09 --> Session: Class initialized using 'CodeIgniter\Session\Handlers\FileHandler' driver.
INFO - 2024-01-13 08:32:32 --> Session: Class initialized using 'CodeIgniter\Session\Handlers\FileHandler' driver.
CRITICAL - 2024-01-13 08:32:32 --> Undefined variable $pages
in APPPATH\Views\admin\pages.php on line 139.
 1 APPPATH\Views\admin\pages.php(139): CodeIgniter\Debug\Exceptions->errorHandler(2, 'Undefined variable $pages', 'C:\\xampp\\htdocs\\code_igniter\\app\\Views\\admin\\pages.php', 139)
 2 SYSTEMPATH\View\View.php(228): include('C:\\xampp\\htdocs\\code_igniter\\app\\Views\\admin\\pages.php')
 3 SYSTEMPATH\View\View.php(231): CodeIgniter\View\View->CodeIgniter\View\{closure}()
 4 SYSTEMPATH\Common.php(1190): CodeIgniter\View\View->render('admin/pages', [], true)
 5 APPPATH\Controllers\Admin.php(125): view('admin/pages', [...])
 6 SYSTEMPATH\CodeIgniter.php(942): App\Controllers\Admin->pages()
 7 SYSTEMPATH\CodeIgniter.php(502): CodeIgniter\CodeIgniter->runController(Object(App\Controllers\Admin))
 8 SYSTEMPATH\CodeIgniter.php(361): CodeIgniter\CodeIgniter->handleRequest(null, Object(Config\Cache), false)
 9 FCPATH\index.php(79): CodeIgniter\CodeIgniter->run()
INFO - 2024-01-13 08:32:38 --> Session: Class initialized using 'CodeIgniter\Session\Handlers\FileHandler' driver.
CRITICAL - 2024-01-13 08:32:38 --> Undefined variable $pages
in APPPATH\Views\admin\pages.php on line 139.
 1 APPPATH\Views\admin\pages.php(139): CodeIgniter\Debug\Exceptions->errorHandler(2, 'Undefined variable $pages', 'C:\\xampp\\htdocs\\code_igniter\\app\\Views\\admin\\pages.php', 139)
 2 SYSTEMPATH\View\View.php(228): include('C:\\xampp\\htdocs\\code_igniter\\app\\Views\\admin\\pages.php')
 3 SYSTEMPATH\View\View.php(231): CodeIgniter\View\View->CodeIgniter\View\{closure}()
 4 SYSTEMPATH\Common.php(1190): CodeIgniter\View\View->render('admin/pages', [], true)
 5 APPPATH\Controllers\Admin.php(125): view('admin/pages', [...])
 6 SYSTEMPATH\CodeIgniter.php(942): App\Controllers\Admin->pages()
 7 SYSTEMPATH\CodeIgniter.php(502): CodeIgniter\CodeIgniter->runController(Object(App\Controllers\Admin))
 8 SYSTEMPATH\CodeIgniter.php(361): CodeIgniter\CodeIgniter->handleRequest(null, Object(Config\Cache), false)
 9 FCPATH\index.php(79): CodeIgniter\CodeIgniter->run()
INFO - 2024-01-13 08:32:47 --> Session: Class initialized using 'CodeIgniter\Session\Handlers\FileHandler' driver.
INFO - 2024-01-13 08:32:48 --> Session: Class initialized using 'CodeIgniter\Session\Handlers\FileHandler' driver.
INFO - 2024-01-13 08:32:50 --> Session: Class initialized using 'CodeIgniter\Session\Handlers\FileHandler' driver.
CRITICAL - 2024-01-13 08:32:50 --> Undefined variable $pages
in APPPATH\Views\admin\pages.php on line 139.
 1 APPPATH\Views\admin\pages.php(139): CodeIgniter\Debug\Exceptions->errorHandler(2, 'Undefined variable $pages', 'C:\\xampp\\htdocs\\code_igniter\\app\\Views\\admin\\pages.php', 139)
 2 SYSTEMPATH\View\View.php(228): include('C:\\xampp\\htdocs\\code_igniter\\app\\Views\\admin\\pages.php')
 3 SYSTEMPATH\View\View.php(231): CodeIgniter\View\View->CodeIgniter\View\{closure}()
 4 SYSTEMPATH\Common.php(1190): CodeIgniter\View\View->render('admin/pages', [], true)
 5 APPPATH\Controllers\Admin.php(125): view('admin/pages', [...])
 6 SYSTEMPATH\CodeIgniter.php(942): App\Controllers\Admin->pages()
 7 SYSTEMPATH\CodeIgniter.php(502): CodeIgniter\CodeIgniter->runController(Object(App\Controllers\Admin))
 8 SYSTEMPATH\CodeIgniter.php(361): CodeIgniter\CodeIgniter->handleRequest(null, Object(Config\Cache), false)
 9 FCPATH\index.php(79): CodeIgniter\CodeIgniter->run()
INFO - 2024-01-13 08:33:21 --> Session: Class initialized using 'CodeIgniter\Session\Handlers\FileHandler' driver.
INFO - 2024-01-13 08:37:51 --> Session: Class initialized using 'CodeIgniter\Session\Handlers\FileHandler' driver.
INFO - 2024-01-13 08:37:52 --> Session: Class initialized using 'CodeIgniter\Session\Handlers\FileHandler' driver.
INFO - 2024-01-13 08:38:09 --> Session: Class initialized using 'CodeIgniter\Session\Handlers\FileHandler' driver.
INFO - 2024-01-13 08:38:15 --> Session: Class initialized using 'CodeIgniter\Session\Handlers\FileHandler' driver.
INFO - 2024-01-13 08:38:24 --> Session: Class initialized using 'CodeIgniter\Session\Handlers\FileHandler' driver.
INFO - 2024-01-13 08:38:46 --> Session: Class initialized using 'CodeIgniter\Session\Handlers\FileHandler' driver.
INFO - 2024-01-13 08:45:43 --> Session: Class initialized using 'CodeIgniter\Session\Handlers\FileHandler' driver.
CRITICAL - 2024-01-13 08:49:00 --> include(head_lib.php): Failed to open stream: No such file or directory
in APPPATH\Views\admin\view_page.php on line 7.
 1 APPPATH\Views\admin\view_page.php(7): CodeIgniter\Debug\Exceptions->errorHandler(2, 'include(head_lib.php): Failed to open stream: No such file or directory', 'C:\\xampp\\htdocs\\code_igniter\\app\\Views\\admin\\view_page.php', 7)
 2 APPPATH\Views\admin\view_page.php(7): include()
 3 SYSTEMPATH\View\View.php(228): include('C:\\xampp\\htdocs\\code_igniter\\app\\Views\\admin\\view_page.php')
 4 SYSTEMPATH\View\View.php(231): CodeIgniter\View\View->CodeIgniter\View\{closure}()
 5 SYSTEMPATH\Common.php(1190): CodeIgniter\View\View->render('admin/view_page', [], true)
 6 APPPATH\Controllers\Admin.php(122): view('admin/view_page')
 7 SYSTEMPATH\CodeIgniter.php(942): App\Controllers\Admin->prac_page()
 8 SYSTEMPATH\CodeIgniter.php(502): CodeIgniter\CodeIgniter->runController(Object(App\Controllers\Admin))
 9 SYSTEMPATH\CodeIgniter.php(361): CodeIgniter\CodeIgniter->handleRequest(null, Object(Config\Cache), false)
10 FCPATH\index.php(79): CodeIgniter\CodeIgniter->run()
CRITICAL - 2024-01-13 08:50:34 --> Call to undefined function inlude()
in APPPATH\Views\admin\view_page.php on line 277.
 1 SYSTEMPATH\View\View.php(228): include()
 2 SYSTEMPATH\View\View.php(231): CodeIgniter\View\View->CodeIgniter\View\{closure}()
 3 SYSTEMPATH\Common.php(1190): CodeIgniter\View\View->render('admin/view_page', [], true)
 4 APPPATH\Controllers\Admin.php(122): view('admin/view_page')
 5 SYSTEMPATH\CodeIgniter.php(942): App\Controllers\Admin->prac_page()
 6 SYSTEMPATH\CodeIgniter.php(502): CodeIgniter\CodeIgniter->runController(Object(App\Controllers\Admin))
 7 SYSTEMPATH\CodeIgniter.php(361): CodeIgniter\CodeIgniter->handleRequest(null, Object(Config\Cache), false)
 8 FCPATH\index.php(79): CodeIgniter\CodeIgniter->run()
INFO - 2024-01-13 08:50:59 --> Session: Class initialized using 'CodeIgniter\Session\Handlers\FileHandler' driver.
INFO - 2024-01-13 10:10:34 --> Session: Class initialized using 'CodeIgniter\Session\Handlers\FileHandler' driver.
INFO - 2024-01-13 10:58:34 --> Session: Class initialized using 'CodeIgniter\Session\Handlers\FileHandler' driver.
INFO - 2024-01-13 10:59:58 --> Session: Class initialized using 'CodeIgniter\Session\Handlers\FileHandler' driver.
INFO - 2024-01-13 11:04:45 --> Session: Class initialized using 'CodeIgniter\Session\Handlers\FileHandler' driver.
INFO - 2024-01-13 11:05:37 --> Session: Class initialized using 'CodeIgniter\Session\Handlers\FileHandler' driver.
INFO - 2024-01-13 11:08:31 --> Session: Class initialized using 'CodeIgniter\Session\Handlers\FileHandler' driver.
INFO - 2024-01-13 11:08:38 --> Session: Class initialized using 'CodeIgniter\Session\Handlers\FileHandler' driver.
INFO - 2024-01-13 11:09:30 --> Session: Class initialized using 'CodeIgniter\Session\Handlers\FileHandler' driver.
INFO - 2024-01-13 11:10:02 --> Session: Class initialized using 'CodeIgniter\Session\Handlers\FileHandler' driver.
CRITICAL - 2024-01-13 11:17:28 --> Call to undefined function App\Controllers\insert()
in APPPATH\Controllers\Admin.php on line 135.
 1 SYSTEMPATH\CodeIgniter.php(942): App\Controllers\Admin->add_pages()
 2 SYSTEMPATH\CodeIgniter.php(502): CodeIgniter\CodeIgniter->runController(Object(App\Controllers\Admin))
 3 SYSTEMPATH\CodeIgniter.php(361): CodeIgniter\CodeIgniter->handleRequest(null, Object(Config\Cache), false)
 4 FCPATH\index.php(79): CodeIgniter\CodeIgniter->run()
ERROR - 2024-01-13 11:17:58 --> mysqli_sql_exception: Cannot add or update a child row: a foreign key constraint fails (`login_page`.`pages`, CONSTRAINT `pages_ibfk_1` FOREIGN KEY (`menu_id`) REFERENCES `menus` (`id`)) in C:\xampp\htdocs\code_igniter\system\Database\MySQLi\Connection.php:306
Stack trace:
#0 C:\xampp\htdocs\code_igniter\system\Database\MySQLi\Connection.php(306): mysqli->query('INSERT INTO `pa...', 0)
#1 C:\xampp\htdocs\code_igniter\system\Database\BaseConnection.php(693): CodeIgniter\Database\MySQLi\Connection->execute('INSERT INTO `pa...')
#2 C:\xampp\htdocs\code_igniter\system\Database\BaseConnection.php(607): CodeIgniter\Database\BaseConnection->simpleQuery('INSERT INTO `pa...')
#3 C:\xampp\htdocs\code_igniter\system\Database\BaseBuilder.php(2308): CodeIgniter\Database\BaseConnection->query('INSERT INTO `pa...', Array, false)
#4 C:\xampp\htdocs\code_igniter\system\Model.php(319): CodeIgniter\Database\BaseBuilder->insert()
#5 C:\xampp\htdocs\code_igniter\system\BaseModel.php(788): CodeIgniter\Model->doInsert(Array)
#6 C:\xampp\htdocs\code_igniter\system\Model.php(715): CodeIgniter\BaseModel->insert(Array, true)
#7 C:\xampp\htdocs\code_igniter\app\Controllers\Admin.php(135): CodeIgniter\Model->insert(Array)
#8 C:\xampp\htdocs\code_igniter\system\CodeIgniter.php(942): App\Controllers\Admin->add_pages()
#9 C:\xampp\htdocs\code_igniter\system\CodeIgniter.php(502): CodeIgniter\CodeIgniter->runController(Object(App\Controllers\Admin))
#10 C:\xampp\htdocs\code_igniter\system\CodeIgniter.php(361): CodeIgniter\CodeIgniter->handleRequest(NULL, Object(Config\Cache), false)
#11 C:\xampp\htdocs\code_igniter\index.php(79): CodeIgniter\CodeIgniter->run()
#12 {main}
CRITICAL - 2024-01-13 11:17:58 --> Cannot add or update a child row: a foreign key constraint fails (`login_page`.`pages`, CONSTRAINT `pages_ibfk_1` FOREIGN KEY (`menu_id`) REFERENCES `menus` (`id`))
in SYSTEMPATH\Database\BaseConnection.php on line 647.
 1 SYSTEMPATH\Database\BaseBuilder.php(2308): CodeIgniter\Database\BaseConnection->query('INSERT INTO `pages` (`page_name`, `page_type`) VALUES (:page_name:, :page_type:)', [...], false)
 2 SYSTEMPATH\Model.php(319): CodeIgniter\Database\BaseBuilder->insert()
 3 SYSTEMPATH\BaseModel.php(788): CodeIgniter\Model->doInsert([...])
 4 SYSTEMPATH\Model.php(715): CodeIgniter\BaseModel->insert([...], true)
 5 APPPATH\Controllers\Admin.php(135): CodeIgniter\Model->insert([...])
 6 SYSTEMPATH\CodeIgniter.php(942): App\Controllers\Admin->add_pages()
 7 SYSTEMPATH\CodeIgniter.php(502): CodeIgniter\CodeIgniter->runController(Object(App\Controllers\Admin))
 8 SYSTEMPATH\CodeIgniter.php(361): CodeIgniter\CodeIgniter->handleRequest(null, Object(Config\Cache), false)
 9 FCPATH\index.php(79): CodeIgniter\CodeIgniter->run()
INFO - 2024-01-13 11:21:05 --> Session: Class initialized using 'CodeIgniter\Session\Handlers\FileHandler' driver.
ERROR - 2024-01-13 11:21:19 --> mysqli_sql_exception: Cannot add or update a child row: a foreign key constraint fails (`login_page`.`pages`, CONSTRAINT `pages_ibfk_1` FOREIGN KEY (`menu_id`) REFERENCES `menus` (`id`)) in C:\xampp\htdocs\code_igniter\system\Database\MySQLi\Connection.php:306
Stack trace:
#0 C:\xampp\htdocs\code_igniter\system\Database\MySQLi\Connection.php(306): mysqli->query('INSERT INTO `pa...', 0)
#1 C:\xampp\htdocs\code_igniter\system\Database\BaseConnection.php(693): CodeIgniter\Database\MySQLi\Connection->execute('INSERT INTO `pa...')
#2 C:\xampp\htdocs\code_igniter\system\Database\BaseConnection.php(607): CodeIgniter\Database\BaseConnection->simpleQuery('INSERT INTO `pa...')
#3 C:\xampp\htdocs\code_igniter\system\Database\BaseBuilder.php(2308): CodeIgniter\Database\BaseConnection->query('INSERT INTO `pa...', Array, false)
#4 C:\xampp\htdocs\code_igniter\system\Model.php(319): CodeIgniter\Database\BaseBuilder->insert()
#5 C:\xampp\htdocs\code_igniter\system\BaseModel.php(788): CodeIgniter\Model->doInsert(Array)
#6 C:\xampp\htdocs\code_igniter\system\Model.php(715): CodeIgniter\BaseModel->insert(Array, true)
#7 C:\xampp\htdocs\code_igniter\app\Controllers\Admin.php(135): CodeIgniter\Model->insert(Array)
#8 C:\xampp\htdocs\code_igniter\system\CodeIgniter.php(942): App\Controllers\Admin->add_pages()
#9 C:\xampp\htdocs\code_igniter\system\CodeIgniter.php(502): CodeIgniter\CodeIgniter->runController(Object(App\Controllers\Admin))
#10 C:\xampp\htdocs\code_igniter\system\CodeIgniter.php(361): CodeIgniter\CodeIgniter->handleRequest(NULL, Object(Config\Cache), false)
#11 C:\xampp\htdocs\code_igniter\index.php(79): CodeIgniter\CodeIgniter->run()
#12 {main}
CRITICAL - 2024-01-13 11:21:19 --> Cannot add or update a child row: a foreign key constraint fails (`login_page`.`pages`, CONSTRAINT `pages_ibfk_1` FOREIGN KEY (`menu_id`) REFERENCES `menus` (`id`))
in SYSTEMPATH\Database\BaseConnection.php on line 647.
 1 SYSTEMPATH\Database\BaseBuilder.php(2308): CodeIgniter\Database\BaseConnection->query('INSERT INTO `pages` (`page_name`, `page_type`) VALUES (:page_name:, :page_type:)', [...], false)
 2 SYSTEMPATH\Model.php(319): CodeIgniter\Database\BaseBuilder->insert()
 3 SYSTEMPATH\BaseModel.php(788): CodeIgniter\Model->doInsert([...])
 4 SYSTEMPATH\Model.php(715): CodeIgniter\BaseModel->insert([...], true)
 5 APPPATH\Controllers\Admin.php(135): CodeIgniter\Model->insert([...])
 6 SYSTEMPATH\CodeIgniter.php(942): App\Controllers\Admin->add_pages()
 7 SYSTEMPATH\CodeIgniter.php(502): CodeIgniter\CodeIgniter->runController(Object(App\Controllers\Admin))
 8 SYSTEMPATH\CodeIgniter.php(361): CodeIgniter\CodeIgniter->handleRequest(null, Object(Config\Cache), false)
 9 FCPATH\index.php(79): CodeIgniter\CodeIgniter->run()
INFO - 2024-01-13 11:21:27 --> Session: Class initialized using 'CodeIgniter\Session\Handlers\FileHandler' driver.
INFO - 2024-01-13 11:21:30 --> Session: Class initialized using 'CodeIgniter\Session\Handlers\FileHandler' driver.
INFO - 2024-01-13 11:21:46 --> Session: Class initialized using 'CodeIgniter\Session\Handlers\FileHandler' driver.
ERROR - 2024-01-13 11:22:32 --> mysqli_sql_exception: Cannot add or update a child row: a foreign key constraint fails (`login_page`.`pages`, CONSTRAINT `pages_ibfk_1` FOREIGN KEY (`menu_id`) REFERENCES `menus` (`id`)) in C:\xampp\htdocs\code_igniter\system\Database\MySQLi\Connection.php:306
Stack trace:
#0 C:\xampp\htdocs\code_igniter\system\Database\MySQLi\Connection.php(306): mysqli->query('INSERT INTO `pa...', 0)
#1 C:\xampp\htdocs\code_igniter\system\Database\BaseConnection.php(693): CodeIgniter\Database\MySQLi\Connection->execute('INSERT INTO `pa...')
#2 C:\xampp\htdocs\code_igniter\system\Database\BaseConnection.php(607): CodeIgniter\Database\BaseConnection->simpleQuery('INSERT INTO `pa...')
#3 C:\xampp\htdocs\code_igniter\system\Database\BaseBuilder.php(2308): CodeIgniter\Database\BaseConnection->query('INSERT INTO `pa...', Array, false)
#4 C:\xampp\htdocs\code_igniter\system\Model.php(319): CodeIgniter\Database\BaseBuilder->insert()
#5 C:\xampp\htdocs\code_igniter\system\BaseModel.php(788): CodeIgniter\Model->doInsert(Array)
#6 C:\xampp\htdocs\code_igniter\system\Model.php(715): CodeIgniter\BaseModel->insert(Array, true)
#7 C:\xampp\htdocs\code_igniter\app\Controllers\Admin.php(135): CodeIgniter\Model->insert(Array)
#8 C:\xampp\htdocs\code_igniter\system\CodeIgniter.php(942): App\Controllers\Admin->add_pages()
#9 C:\xampp\htdocs\code_igniter\system\CodeIgniter.php(502): CodeIgniter\CodeIgniter->runController(Object(App\Controllers\Admin))
#10 C:\xampp\htdocs\code_igniter\system\CodeIgniter.php(361): CodeIgniter\CodeIgniter->handleRequest(NULL, Object(Config\Cache), false)
#11 C:\xampp\htdocs\code_igniter\index.php(79): CodeIgniter\CodeIgniter->run()
#12 {main}
CRITICAL - 2024-01-13 11:22:32 --> Cannot add or update a child row: a foreign key constraint fails (`login_page`.`pages`, CONSTRAINT `pages_ibfk_1` FOREIGN KEY (`menu_id`) REFERENCES `menus` (`id`))
in SYSTEMPATH\Database\BaseConnection.php on line 647.
 1 SYSTEMPATH\Database\BaseBuilder.php(2308): CodeIgniter\Database\BaseConnection->query('INSERT INTO `pages` (`page_name`, `page_type`) VALUES (:page_name:, :page_type:)', [...], false)
 2 SYSTEMPATH\Model.php(319): CodeIgniter\Database\BaseBuilder->insert()
 3 SYSTEMPATH\BaseModel.php(788): CodeIgniter\Model->doInsert([...])
 4 SYSTEMPATH\Model.php(715): CodeIgniter\BaseModel->insert([...], true)
 5 APPPATH\Controllers\Admin.php(135): CodeIgniter\Model->insert([...])
 6 SYSTEMPATH\CodeIgniter.php(942): App\Controllers\Admin->add_pages()
 7 SYSTEMPATH\CodeIgniter.php(502): CodeIgniter\CodeIgniter->runController(Object(App\Controllers\Admin))
 8 SYSTEMPATH\CodeIgniter.php(361): CodeIgniter\CodeIgniter->handleRequest(null, Object(Config\Cache), false)
 9 FCPATH\index.php(79): CodeIgniter\CodeIgniter->run()
INFO - 2024-01-13 11:29:21 --> Session: Class initialized using 'CodeIgniter\Session\Handlers\FileHandler' driver.
INFO - 2024-01-13 11:29:23 --> Session: Class initialized using 'CodeIgniter\Session\Handlers\FileHandler' driver.
INFO - 2024-01-13 11:31:04 --> Session: Class initialized using 'CodeIgniter\Session\Handlers\FileHandler' driver.
INFO - 2024-01-13 11:32:19 --> Session: Class initialized using 'CodeIgniter\Session\Handlers\FileHandler' driver.
CRITICAL - 2024-01-13 11:32:19 --> Undefined variable $menus
in APPPATH\Views\admin\pages.php on line 139.
 1 APPPATH\Views\admin\pages.php(139): CodeIgniter\Debug\Exceptions->errorHandler(2, 'Undefined variable $menus', 'C:\\xampp\\htdocs\\code_igniter\\app\\Views\\admin\\pages.php', 139)
 2 SYSTEMPATH\View\View.php(228): include('C:\\xampp\\htdocs\\code_igniter\\app\\Views\\admin\\pages.php')
 3 SYSTEMPATH\View\View.php(231): CodeIgniter\View\View->CodeIgniter\View\{closure}()
 4 SYSTEMPATH\Common.php(1190): CodeIgniter\View\View->render('admin/pages', [], true)
 5 APPPATH\Controllers\Admin.php(129): view('admin/pages', [...])
 6 SYSTEMPATH\CodeIgniter.php(942): App\Controllers\Admin->pages()
 7 SYSTEMPATH\CodeIgniter.php(502): CodeIgniter\CodeIgniter->runController(Object(App\Controllers\Admin))
 8 SYSTEMPATH\CodeIgniter.php(361): CodeIgniter\CodeIgniter->handleRequest(null, Object(Config\Cache), false)
 9 FCPATH\index.php(79): CodeIgniter\CodeIgniter->run()
INFO - 2024-01-13 11:33:10 --> Session: Class initialized using 'CodeIgniter\Session\Handlers\FileHandler' driver.
INFO - 2024-01-13 11:33:47 --> Session: Class initialized using 'CodeIgniter\Session\Handlers\FileHandler' driver.
INFO - 2024-01-13 11:34:01 --> Session: Class initialized using 'CodeIgniter\Session\Handlers\FileHandler' driver.
INFO - 2024-01-13 11:34:03 --> Session: Class initialized using 'CodeIgniter\Session\Handlers\FileHandler' driver.
ERROR - 2024-01-13 11:34:36 --> mysqli_sql_exception: Cannot add or update a child row: a foreign key constraint fails (`login_page`.`pages`, CONSTRAINT `pages_ibfk_1` FOREIGN KEY (`menu_id`) REFERENCES `menus` (`id`)) in C:\xampp\htdocs\code_igniter\system\Database\MySQLi\Connection.php:306
Stack trace:
#0 C:\xampp\htdocs\code_igniter\system\Database\MySQLi\Connection.php(306): mysqli->query('INSERT INTO `pa...', 0)
#1 C:\xampp\htdocs\code_igniter\system\Database\BaseConnection.php(693): CodeIgniter\Database\MySQLi\Connection->execute('INSERT INTO `pa...')
#2 C:\xampp\htdocs\code_igniter\system\Database\BaseConnection.php(607): CodeIgniter\Database\BaseConnection->simpleQuery('INSERT INTO `pa...')
#3 C:\xampp\htdocs\code_igniter\system\Database\BaseBuilder.php(2308): CodeIgniter\Database\BaseConnection->query('INSERT INTO `pa...', Array, false)
#4 C:\xampp\htdocs\code_igniter\system\Model.php(319): CodeIgniter\Database\BaseBuilder->insert()
#5 C:\xampp\htdocs\code_igniter\system\BaseModel.php(788): CodeIgniter\Model->doInsert(Array)
#6 C:\xampp\htdocs\code_igniter\system\Model.php(715): CodeIgniter\BaseModel->insert(Array, true)
#7 C:\xampp\htdocs\code_igniter\app\Controllers\Admin.php(137): CodeIgniter\Model->insert(Array)
#8 C:\xampp\htdocs\code_igniter\system\CodeIgniter.php(942): App\Controllers\Admin->add_pages()
#9 C:\xampp\htdocs\code_igniter\system\CodeIgniter.php(502): CodeIgniter\CodeIgniter->runController(Object(App\Controllers\Admin))
#10 C:\xampp\htdocs\code_igniter\system\CodeIgniter.php(361): CodeIgniter\CodeIgniter->handleRequest(NULL, Object(Config\Cache), false)
#11 C:\xampp\htdocs\code_igniter\index.php(79): CodeIgniter\CodeIgniter->run()
#12 {main}
CRITICAL - 2024-01-13 11:34:36 --> Cannot add or update a child row: a foreign key constraint fails (`login_page`.`pages`, CONSTRAINT `pages_ibfk_1` FOREIGN KEY (`menu_id`) REFERENCES `menus` (`id`))
in SYSTEMPATH\Database\BaseConnection.php on line 647.
 1 SYSTEMPATH\Database\BaseBuilder.php(2308): CodeIgniter\Database\BaseConnection->query('INSERT INTO `pages` (`page_name`, `page_type`) VALUES (:page_name:, :page_type:)', [...], false)
 2 SYSTEMPATH\Model.php(319): CodeIgniter\Database\BaseBuilder->insert()
 3 SYSTEMPATH\BaseModel.php(788): CodeIgniter\Model->doInsert([...])
 4 SYSTEMPATH\Model.php(715): CodeIgniter\BaseModel->insert([...], true)
 5 APPPATH\Controllers\Admin.php(137): CodeIgniter\Model->insert([...])
 6 SYSTEMPATH\CodeIgniter.php(942): App\Controllers\Admin->add_pages()
 7 SYSTEMPATH\CodeIgniter.php(502): CodeIgniter\CodeIgniter->runController(Object(App\Controllers\Admin))
 8 SYSTEMPATH\CodeIgniter.php(361): CodeIgniter\CodeIgniter->handleRequest(null, Object(Config\Cache), false)
 9 FCPATH\index.php(79): CodeIgniter\CodeIgniter->run()
INFO - 2024-01-13 11:34:49 --> Session: Class initialized using 'CodeIgniter\Session\Handlers\FileHandler' driver.
INFO - 2024-01-13 11:34:51 --> Session: Class initialized using 'CodeIgniter\Session\Handlers\FileHandler' driver.
ERROR - 2024-01-13 11:35:13 --> mysqli_sql_exception: Cannot add or update a child row: a foreign key constraint fails (`login_page`.`pages`, CONSTRAINT `pages_ibfk_1` FOREIGN KEY (`menu_id`) REFERENCES `menus` (`id`)) in C:\xampp\htdocs\code_igniter\system\Database\MySQLi\Connection.php:306
Stack trace:
#0 C:\xampp\htdocs\code_igniter\system\Database\MySQLi\Connection.php(306): mysqli->query('INSERT INTO `pa...', 0)
#1 C:\xampp\htdocs\code_igniter\system\Database\BaseConnection.php(693): CodeIgniter\Database\MySQLi\Connection->execute('INSERT INTO `pa...')
#2 C:\xampp\htdocs\code_igniter\system\Database\BaseConnection.php(607): CodeIgniter\Database\BaseConnection->simpleQuery('INSERT INTO `pa...')
#3 C:\xampp\htdocs\code_igniter\system\Database\BaseBuilder.php(2308): CodeIgniter\Database\BaseConnection->query('INSERT INTO `pa...', Array, false)
#4 C:\xampp\htdocs\code_igniter\system\Model.php(319): CodeIgniter\Database\BaseBuilder->insert()
#5 C:\xampp\htdocs\code_igniter\system\BaseModel.php(788): CodeIgniter\Model->doInsert(Array)
#6 C:\xampp\htdocs\code_igniter\system\Model.php(715): CodeIgniter\BaseModel->insert(Array, true)
#7 C:\xampp\htdocs\code_igniter\app\Controllers\Admin.php(137): CodeIgniter\Model->insert(Array)
#8 C:\xampp\htdocs\code_igniter\system\CodeIgniter.php(942): App\Controllers\Admin->add_pages()
#9 C:\xampp\htdocs\code_igniter\system\CodeIgniter.php(502): CodeIgniter\CodeIgniter->runController(Object(App\Controllers\Admin))
#10 C:\xampp\htdocs\code_igniter\system\CodeIgniter.php(361): CodeIgniter\CodeIgniter->handleRequest(NULL, Object(Config\Cache), false)
#11 C:\xampp\htdocs\code_igniter\index.php(79): CodeIgniter\CodeIgniter->run()
#12 {main}
CRITICAL - 2024-01-13 11:35:13 --> Cannot add or update a child row: a foreign key constraint fails (`login_page`.`pages`, CONSTRAINT `pages_ibfk_1` FOREIGN KEY (`menu_id`) REFERENCES `menus` (`id`))
in SYSTEMPATH\Database\BaseConnection.php on line 647.
 1 SYSTEMPATH\Database\BaseBuilder.php(2308): CodeIgniter\Database\BaseConnection->query('INSERT INTO `pages` (`page_name`, `page_type`) VALUES (:page_name:, :page_type:)', [...], false)
 2 SYSTEMPATH\Model.php(319): CodeIgniter\Database\BaseBuilder->insert()
 3 SYSTEMPATH\BaseModel.php(788): CodeIgniter\Model->doInsert([...])
 4 SYSTEMPATH\Model.php(715): CodeIgniter\BaseModel->insert([...], true)
 5 APPPATH\Controllers\Admin.php(137): CodeIgniter\Model->insert([...])
 6 SYSTEMPATH\CodeIgniter.php(942): App\Controllers\Admin->add_pages()
 7 SYSTEMPATH\CodeIgniter.php(502): CodeIgniter\CodeIgniter->runController(Object(App\Controllers\Admin))
 8 SYSTEMPATH\CodeIgniter.php(361): CodeIgniter\CodeIgniter->handleRequest(null, Object(Config\Cache), false)
 9 FCPATH\index.php(79): CodeIgniter\CodeIgniter->run()
INFO - 2024-01-13 11:35:16 --> Session: Class initialized using 'CodeIgniter\Session\Handlers\FileHandler' driver.
INFO - 2024-01-13 11:35:18 --> Session: Class initialized using 'CodeIgniter\Session\Handlers\FileHandler' driver.
INFO - 2024-01-13 11:36:45 --> Session: Class initialized using 'CodeIgniter\Session\Handlers\FileHandler' driver.
ERROR - 2024-01-13 11:36:59 --> mysqli_sql_exception: Cannot add or update a child row: a foreign key constraint fails (`login_page`.`pages`, CONSTRAINT `pages_ibfk_1` FOREIGN KEY (`menu_id`) REFERENCES `menus` (`id`)) in C:\xampp\htdocs\code_igniter\system\Database\MySQLi\Connection.php:306
Stack trace:
#0 C:\xampp\htdocs\code_igniter\system\Database\MySQLi\Connection.php(306): mysqli->query('INSERT INTO `pa...', 0)
#1 C:\xampp\htdocs\code_igniter\system\Database\BaseConnection.php(693): CodeIgniter\Database\MySQLi\Connection->execute('INSERT INTO `pa...')
#2 C:\xampp\htdocs\code_igniter\system\Database\BaseConnection.php(607): CodeIgniter\Database\BaseConnection->simpleQuery('INSERT INTO `pa...')
#3 C:\xampp\htdocs\code_igniter\system\Database\BaseBuilder.php(2308): CodeIgniter\Database\BaseConnection->query('INSERT INTO `pa...', Array, false)
#4 C:\xampp\htdocs\code_igniter\system\Model.php(319): CodeIgniter\Database\BaseBuilder->insert()
#5 C:\xampp\htdocs\code_igniter\system\BaseModel.php(788): CodeIgniter\Model->doInsert(Array)
#6 C:\xampp\htdocs\code_igniter\system\Model.php(715): CodeIgniter\BaseModel->insert(Array, true)
#7 C:\xampp\htdocs\code_igniter\app\Controllers\Admin.php(137): CodeIgniter\Model->insert(Array)
#8 C:\xampp\htdocs\code_igniter\system\CodeIgniter.php(942): App\Controllers\Admin->add_pages()
#9 C:\xampp\htdocs\code_igniter\system\CodeIgniter.php(502): CodeIgniter\CodeIgniter->runController(Object(App\Controllers\Admin))
#10 C:\xampp\htdocs\code_igniter\system\CodeIgniter.php(361): CodeIgniter\CodeIgniter->handleRequest(NULL, Object(Config\Cache), false)
#11 C:\xampp\htdocs\code_igniter\index.php(79): CodeIgniter\CodeIgniter->run()
#12 {main}
CRITICAL - 2024-01-13 11:36:59 --> Cannot add or update a child row: a foreign key constraint fails (`login_page`.`pages`, CONSTRAINT `pages_ibfk_1` FOREIGN KEY (`menu_id`) REFERENCES `menus` (`id`))
in SYSTEMPATH\Database\BaseConnection.php on line 647.
 1 SYSTEMPATH\Database\BaseBuilder.php(2308): CodeIgniter\Database\BaseConnection->query('INSERT INTO `pages` (`page_name`, `page_type`) VALUES (:page_name:, :page_type:)', [...], false)
 2 SYSTEMPATH\Model.php(319): CodeIgniter\Database\BaseBuilder->insert()
 3 SYSTEMPATH\BaseModel.php(788): CodeIgniter\Model->doInsert([...])
 4 SYSTEMPATH\Model.php(715): CodeIgniter\BaseModel->insert([...], true)
 5 APPPATH\Controllers\Admin.php(137): CodeIgniter\Model->insert([...])
 6 SYSTEMPATH\CodeIgniter.php(942): App\Controllers\Admin->add_pages()
 7 SYSTEMPATH\CodeIgniter.php(502): CodeIgniter\CodeIgniter->runController(Object(App\Controllers\Admin))
 8 SYSTEMPATH\CodeIgniter.php(361): CodeIgniter\CodeIgniter->handleRequest(null, Object(Config\Cache), false)
 9 FCPATH\index.php(79): CodeIgniter\CodeIgniter->run()
INFO - 2024-01-13 11:39:24 --> Session: Class initialized using 'CodeIgniter\Session\Handlers\FileHandler' driver.
INFO - 2024-01-13 11:53:58 --> Session: Class initialized using 'CodeIgniter\Session\Handlers\FileHandler' driver.
CRITICAL - 2024-01-13 11:54:14 --> Object of class App\Controllers\Admin could not be converted to string
in APPPATH\Controllers\Admin.php on line 136.
 1 SYSTEMPATH\CodeIgniter.php(942): App\Controllers\Admin->add_pages()
 2 SYSTEMPATH\CodeIgniter.php(502): CodeIgniter\CodeIgniter->runController(Object(App\Controllers\Admin))
 3 SYSTEMPATH\CodeIgniter.php(361): CodeIgniter\CodeIgniter->handleRequest(null, Object(Config\Cache), false)
 4 FCPATH\index.php(79): CodeIgniter\CodeIgniter->run()
INFO - 2024-01-13 11:54:54 --> Session: Class initialized using 'CodeIgniter\Session\Handlers\FileHandler' driver.
INFO - 2024-01-13 11:54:56 --> Session: Class initialized using 'CodeIgniter\Session\Handlers\FileHandler' driver.
ERROR - 2024-01-13 11:55:06 --> mysqli_sql_exception: Column 'menu_id' cannot be null in C:\xampp\htdocs\code_igniter\system\Database\MySQLi\Connection.php:306
Stack trace:
#0 C:\xampp\htdocs\code_igniter\system\Database\MySQLi\Connection.php(306): mysqli->query('INSERT INTO `pa...', 0)
#1 C:\xampp\htdocs\code_igniter\system\Database\BaseConnection.php(693): CodeIgniter\Database\MySQLi\Connection->execute('INSERT INTO `pa...')
#2 C:\xampp\htdocs\code_igniter\system\Database\BaseConnection.php(607): CodeIgniter\Database\BaseConnection->simpleQuery('INSERT INTO `pa...')
#3 C:\xampp\htdocs\code_igniter\system\Database\BaseBuilder.php(2308): CodeIgniter\Database\BaseConnection->query('INSERT INTO `pa...', Array, false)
#4 C:\xampp\htdocs\code_igniter\system\Model.php(319): CodeIgniter\Database\BaseBuilder->insert()
#5 C:\xampp\htdocs\code_igniter\system\BaseModel.php(788): CodeIgniter\Model->doInsert(Array)
#6 C:\xampp\htdocs\code_igniter\system\Model.php(715): CodeIgniter\BaseModel->insert(Array, true)
#7 C:\xampp\htdocs\code_igniter\app\Controllers\Admin.php(137): CodeIgniter\Model->insert(Array)
#8 C:\xampp\htdocs\code_igniter\system\CodeIgniter.php(942): App\Controllers\Admin->add_pages()
#9 C:\xampp\htdocs\code_igniter\system\CodeIgniter.php(502): CodeIgniter\CodeIgniter->runController(Object(App\Controllers\Admin))
#10 C:\xampp\htdocs\code_igniter\system\CodeIgniter.php(361): CodeIgniter\CodeIgniter->handleRequest(NULL, Object(Config\Cache), false)
#11 C:\xampp\htdocs\code_igniter\index.php(79): CodeIgniter\CodeIgniter->run()
#12 {main}
CRITICAL - 2024-01-13 11:55:06 --> Column 'menu_id' cannot be null
in SYSTEMPATH\Database\BaseConnection.php on line 647.
 1 SYSTEMPATH\Database\BaseBuilder.php(2308): CodeIgniter\Database\BaseConnection->query('INSERT INTO `pages` (`page_name`, `page_type`, `menu_id`) VALUES (:page_name:, :page_type:, :menu_id:)', [...], false)
 2 SYSTEMPATH\Model.php(319): CodeIgniter\Database\BaseBuilder->insert()
 3 SYSTEMPATH\BaseModel.php(788): CodeIgniter\Model->doInsert([...])
 4 SYSTEMPATH\Model.php(715): CodeIgniter\BaseModel->insert([...], true)
 5 APPPATH\Controllers\Admin.php(137): CodeIgniter\Model->insert([...])
 6 SYSTEMPATH\CodeIgniter.php(942): App\Controllers\Admin->add_pages()
 7 SYSTEMPATH\CodeIgniter.php(502): CodeIgniter\CodeIgniter->runController(Object(App\Controllers\Admin))
 8 SYSTEMPATH\CodeIgniter.php(361): CodeIgniter\CodeIgniter->handleRequest(null, Object(Config\Cache), false)
 9 FCPATH\index.php(79): CodeIgniter\CodeIgniter->run()
INFO - 2024-01-13 11:55:16 --> Session: Class initialized using 'CodeIgniter\Session\Handlers\FileHandler' driver.
INFO - 2024-01-13 11:55:18 --> Session: Class initialized using 'CodeIgniter\Session\Handlers\FileHandler' driver.
INFO - 2024-01-13 11:55:59 --> Session: Class initialized using 'CodeIgniter\Session\Handlers\FileHandler' driver.
INFO - 2024-01-13 11:56:09 --> Session: Class initialized using 'CodeIgniter\Session\Handlers\FileHandler' driver.
INFO - 2024-01-13 11:57:58 --> Session: Class initialized using 'CodeIgniter\Session\Handlers\FileHandler' driver.
INFO - 2024-01-13 11:58:42 --> Session: Class initialized using 'CodeIgniter\Session\Handlers\FileHandler' driver.
INFO - 2024-01-13 11:59:39 --> Session: Class initialized using 'CodeIgniter\Session\Handlers\FileHandler' driver.
INFO - 2024-01-13 12:00:51 --> Session: Class initialized using 'CodeIgniter\Session\Handlers\FileHandler' driver.
INFO - 2024-01-13 12:03:46 --> Session: Class initialized using 'CodeIgniter\Session\Handlers\FileHandler' driver.
INFO - 2024-01-13 12:05:15 --> Session: Class initialized using 'CodeIgniter\Session\Handlers\FileHandler' driver.
INFO - 2024-01-13 12:05:57 --> Session: Class initialized using 'CodeIgniter\Session\Handlers\FileHandler' driver.
INFO - 2024-01-13 12:06:13 --> Session: Class initialized using 'CodeIgniter\Session\Handlers\FileHandler' driver.
CRITICAL - 2024-01-13 12:19:52 --> Call to undefined function basr_url()
in APPPATH\Views\admin\common\side_navbar.php on line 91.
 1 APPPATH\Views\admin\pages.php(17): include()
 2 SYSTEMPATH\View\View.php(228): include('C:\\xampp\\htdocs\\code_igniter\\app\\Views\\admin\\pages.php')
 3 SYSTEMPATH\View\View.php(231): CodeIgniter\View\View->CodeIgniter\View\{closure}()
 4 SYSTEMPATH\Common.php(1190): CodeIgniter\View\View->render('admin/pages', [], true)
 5 APPPATH\Controllers\Admin.php(135): view('admin/pages', [...])
 6 SYSTEMPATH\CodeIgniter.php(942): App\Controllers\Admin->pages()
 7 SYSTEMPATH\CodeIgniter.php(502): CodeIgniter\CodeIgniter->runController(Object(App\Controllers\Admin))
 8 SYSTEMPATH\CodeIgniter.php(361): CodeIgniter\CodeIgniter->handleRequest(null, Object(Config\Cache), false)
 9 FCPATH\index.php(79): CodeIgniter\CodeIgniter->run()
CRITICAL - 2024-01-13 12:19:56 --> Call to undefined function basr_url()
in APPPATH\Views\admin\common\side_navbar.php on line 91.
 1 APPPATH\Views\admin\pages.php(17): include()
 2 SYSTEMPATH\View\View.php(228): include('C:\\xampp\\htdocs\\code_igniter\\app\\Views\\admin\\pages.php')
 3 SYSTEMPATH\View\View.php(231): CodeIgniter\View\View->CodeIgniter\View\{closure}()
 4 SYSTEMPATH\Common.php(1190): CodeIgniter\View\View->render('admin/pages', [], true)
 5 APPPATH\Controllers\Admin.php(135): view('admin/pages', [...])
 6 SYSTEMPATH\CodeIgniter.php(942): App\Controllers\Admin->pages()
 7 SYSTEMPATH\CodeIgniter.php(502): CodeIgniter\CodeIgniter->runController(Object(App\Controllers\Admin))
 8 SYSTEMPATH\CodeIgniter.php(361): CodeIgniter\CodeIgniter->handleRequest(null, Object(Config\Cache), false)
 9 FCPATH\index.php(79): CodeIgniter\CodeIgniter->run()
CRITICAL - 2024-01-13 12:20:10 --> Call to undefined function basr_url()
in APPPATH\Views\admin\common\side_navbar.php on line 91.
 1 APPPATH\Views\admin\pages.php(17): include()
 2 SYSTEMPATH\View\View.php(228): include('C:\\xampp\\htdocs\\code_igniter\\app\\Views\\admin\\pages.php')
 3 SYSTEMPATH\View\View.php(231): CodeIgniter\View\View->CodeIgniter\View\{closure}()
 4 SYSTEMPATH\Common.php(1190): CodeIgniter\View\View->render('admin/pages', [], true)
 5 APPPATH\Controllers\Admin.php(135): view('admin/pages', [...])
 6 SYSTEMPATH\CodeIgniter.php(942): App\Controllers\Admin->pages()
 7 SYSTEMPATH\CodeIgniter.php(502): CodeIgniter\CodeIgniter->runController(Object(App\Controllers\Admin))
 8 SYSTEMPATH\CodeIgniter.php(361): CodeIgniter\CodeIgniter->handleRequest(null, Object(Config\Cache), false)
 9 FCPATH\index.php(79): CodeIgniter\CodeIgniter->run()
INFO - 2024-01-13 12:21:27 --> Session: Class initialized using 'CodeIgniter\Session\Handlers\FileHandler' driver.
INFO - 2024-01-13 12:22:49 --> Session: Class initialized using 'CodeIgniter\Session\Handlers\FileHandler' driver.
CRITICAL - 2024-01-13 12:38:40 --> Undefined variable $menus
in APPPATH\Views\admin\common\side_navbar.php on line 94.
 1 APPPATH\Views\admin\common\side_navbar.php(94): CodeIgniter\Debug\Exceptions->errorHandler(2, 'Undefined variable $menus', 'C:\\xampp\\htdocs\\code_igniter\\app\\Views\\admin\\common\\side_navbar.php', 94)
 2 APPPATH\Views\admin\view_page.php(17): include('C:\\xampp\\htdocs\\code_igniter\\app\\Views\\admin\\common\\side_navbar.php')
 3 SYSTEMPATH\View\View.php(228): include('C:\\xampp\\htdocs\\code_igniter\\app\\Views\\admin\\view_page.php')
 4 SYSTEMPATH\View\View.php(231): CodeIgniter\View\View->CodeIgniter\View\{closure}()
 5 SYSTEMPATH\Common.php(1190): CodeIgniter\View\View->render('admin/view_page', [], true)
 6 APPPATH\Controllers\Admin.php(126): view('admin/view_page')
 7 SYSTEMPATH\CodeIgniter.php(942): App\Controllers\Admin->prac_page()
 8 SYSTEMPATH\CodeIgniter.php(502): CodeIgniter\CodeIgniter->runController(Object(App\Controllers\Admin))
 9 SYSTEMPATH\CodeIgniter.php(361): CodeIgniter\CodeIgniter->handleRequest(null, Object(Config\Cache), false)
10 FCPATH\index.php(79): CodeIgniter\CodeIgniter->run()
CRITICAL - 2024-01-13 12:40:14 --> Undefined variable $menus
in APPPATH\Views\admin\common\side_navbar.php on line 94.
 1 APPPATH\Views\admin\common\side_navbar.php(94): CodeIgniter\Debug\Exceptions->errorHandler(2, 'Undefined variable $menus', 'C:\\xampp\\htdocs\\code_igniter\\app\\Views\\admin\\common\\side_navbar.php', 94)
 2 APPPATH\Views\admin\view_page.php(17): include('C:\\xampp\\htdocs\\code_igniter\\app\\Views\\admin\\common\\side_navbar.php')
 3 SYSTEMPATH\View\View.php(228): include('C:\\xampp\\htdocs\\code_igniter\\app\\Views\\admin\\view_page.php')
 4 SYSTEMPATH\View\View.php(231): CodeIgniter\View\View->CodeIgniter\View\{closure}()
 5 SYSTEMPATH\Common.php(1190): CodeIgniter\View\View->render('admin/view_page', [], true)
 6 APPPATH\Controllers\Admin.php(128): view('admin/view_page')
 7 SYSTEMPATH\CodeIgniter.php(942): App\Controllers\Admin->prac_page()
 8 SYSTEMPATH\CodeIgniter.php(502): CodeIgniter\CodeIgniter->runController(Object(App\Controllers\Admin))
 9 SYSTEMPATH\CodeIgniter.php(361): CodeIgniter\CodeIgniter->handleRequest(null, Object(Config\Cache), false)
10 FCPATH\index.php(79): CodeIgniter\CodeIgniter->run()
INFO - 2024-01-13 12:40:16 --> Session: Class initialized using 'CodeIgniter\Session\Handlers\FileHandler' driver.
CRITICAL - 2024-01-13 12:40:17 --> Undefined variable $menus
in APPPATH\Views\admin\common\side_navbar.php on line 94.
 1 APPPATH\Views\admin\common\side_navbar.php(94): CodeIgniter\Debug\Exceptions->errorHandler(2, 'Undefined variable $menus', 'C:\\xampp\\htdocs\\code_igniter\\app\\Views\\admin\\common\\side_navbar.php', 94)
 2 APPPATH\Views\admin\view_page.php(17): include('C:\\xampp\\htdocs\\code_igniter\\app\\Views\\admin\\common\\side_navbar.php')
 3 SYSTEMPATH\View\View.php(228): include('C:\\xampp\\htdocs\\code_igniter\\app\\Views\\admin\\view_page.php')
 4 SYSTEMPATH\View\View.php(231): CodeIgniter\View\View->CodeIgniter\View\{closure}()
 5 SYSTEMPATH\Common.php(1190): CodeIgniter\View\View->render('admin/view_page', [], true)
 6 APPPATH\Controllers\Admin.php(128): view('admin/view_page')
 7 SYSTEMPATH\CodeIgniter.php(942): App\Controllers\Admin->prac_page()
 8 SYSTEMPATH\CodeIgniter.php(502): CodeIgniter\CodeIgniter->runController(Object(App\Controllers\Admin))
 9 SYSTEMPATH\CodeIgniter.php(361): CodeIgniter\CodeIgniter->handleRequest(null, Object(Config\Cache), false)
10 FCPATH\index.php(79): CodeIgniter\CodeIgniter->run()
INFO - 2024-01-13 12:40:18 --> Session: Class initialized using 'CodeIgniter\Session\Handlers\FileHandler' driver.
INFO - 2024-01-13 12:40:21 --> Session: Class initialized using 'CodeIgniter\Session\Handlers\FileHandler' driver.
INFO - 2024-01-13 12:40:41 --> Session: Class initialized using 'CodeIgniter\Session\Handlers\FileHandler' driver.
INFO - 2024-01-13 12:41:08 --> Session: Class initialized using 'CodeIgniter\Session\Handlers\FileHandler' driver.
CRITICAL - 2024-01-13 12:41:11 --> Undefined variable $menus
in APPPATH\Views\admin\common\side_navbar.php on line 94.
 1 APPPATH\Views\admin\common\side_navbar.php(94): CodeIgniter\Debug\Exceptions->errorHandler(2, 'Undefined variable $menus', 'C:\\xampp\\htdocs\\code_igniter\\app\\Views\\admin\\common\\side_navbar.php', 94)
 2 APPPATH\Views\admin\view_page.php(17): include('C:\\xampp\\htdocs\\code_igniter\\app\\Views\\admin\\common\\side_navbar.php')
 3 SYSTEMPATH\View\View.php(228): include('C:\\xampp\\htdocs\\code_igniter\\app\\Views\\admin\\view_page.php')
 4 SYSTEMPATH\View\View.php(231): CodeIgniter\View\View->CodeIgniter\View\{closure}()
 5 SYSTEMPATH\Common.php(1190): CodeIgniter\View\View->render('admin/view_page', [], true)
 6 APPPATH\Controllers\Admin.php(127): view('admin/view_page')
 7 SYSTEMPATH\CodeIgniter.php(942): App\Controllers\Admin->prac_page()
 8 SYSTEMPATH\CodeIgniter.php(502): CodeIgniter\CodeIgniter->runController(Object(App\Controllers\Admin))
 9 SYSTEMPATH\CodeIgniter.php(361): CodeIgniter\CodeIgniter->handleRequest(null, Object(Config\Cache), false)
10 FCPATH\index.php(79): CodeIgniter\CodeIgniter->run()
INFO - 2024-01-13 12:41:15 --> Session: Class initialized using 'CodeIgniter\Session\Handlers\FileHandler' driver.
CRITICAL - 2024-01-13 12:41:35 --> Undefined variable $menus
in APPPATH\Views\admin\common\side_navbar.php on line 94.
 1 APPPATH\Views\admin\common\side_navbar.php(94): CodeIgniter\Debug\Exceptions->errorHandler(2, 'Undefined variable $menus', 'C:\\xampp\\htdocs\\code_igniter\\app\\Views\\admin\\common\\side_navbar.php', 94)
 2 APPPATH\Views\admin\view_page.php(17): include('C:\\xampp\\htdocs\\code_igniter\\app\\Views\\admin\\common\\side_navbar.php')
 3 SYSTEMPATH\View\View.php(228): include('C:\\xampp\\htdocs\\code_igniter\\app\\Views\\admin\\view_page.php')
 4 SYSTEMPATH\View\View.php(231): CodeIgniter\View\View->CodeIgniter\View\{closure}()
 5 SYSTEMPATH\Common.php(1190): CodeIgniter\View\View->render('admin/view_page', [], true)
 6 APPPATH\Controllers\Admin.php(127): view('admin/view_page')
 7 SYSTEMPATH\CodeIgniter.php(942): App\Controllers\Admin->prac_page()
 8 SYSTEMPATH\CodeIgniter.php(502): CodeIgniter\CodeIgniter->runController(Object(App\Controllers\Admin))
 9 SYSTEMPATH\CodeIgniter.php(361): CodeIgniter\CodeIgniter->handleRequest(null, Object(Config\Cache), false)
10 FCPATH\index.php(79): CodeIgniter\CodeIgniter->run()
CRITICAL - 2024-01-13 12:42:45 --> Undefined variable $menus
in APPPATH\Views\admin\common\side_navbar.php on line 94.
 1 APPPATH\Views\admin\common\side_navbar.php(94): CodeIgniter\Debug\Exceptions->errorHandler(2, 'Undefined variable $menus', 'C:\\xampp\\htdocs\\code_igniter\\app\\Views\\admin\\common\\side_navbar.php', 94)
 2 APPPATH\Views\admin\view_page.php(17): include('C:\\xampp\\htdocs\\code_igniter\\app\\Views\\admin\\common\\side_navbar.php')
 3 SYSTEMPATH\View\View.php(228): include('C:\\xampp\\htdocs\\code_igniter\\app\\Views\\admin\\view_page.php')
 4 SYSTEMPATH\View\View.php(231): CodeIgniter\View\View->CodeIgniter\View\{closure}()
 5 SYSTEMPATH\Common.php(1190): CodeIgniter\View\View->render('admin/view_page', [], true)
 6 APPPATH\Controllers\Admin.php(127): view('admin/view_page')
 7 SYSTEMPATH\CodeIgniter.php(942): App\Controllers\Admin->prac_page()
 8 SYSTEMPATH\CodeIgniter.php(502): CodeIgniter\CodeIgniter->runController(Object(App\Controllers\Admin))
 9 SYSTEMPATH\CodeIgniter.php(361): CodeIgniter\CodeIgniter->handleRequest(null, Object(Config\Cache), false)
10 FCPATH\index.php(79): CodeIgniter\CodeIgniter->run()
INFO - 2024-01-13 12:42:49 --> Session: Class initialized using 'CodeIgniter\Session\Handlers\FileHandler' driver.
INFO - 2024-01-13 12:42:51 --> Session: Class initialized using 'CodeIgniter\Session\Handlers\FileHandler' driver.
CRITICAL - 2024-01-13 12:43:03 --> Undefined variable $menus
in APPPATH\Views\admin\common\side_navbar.php on line 94.
 1 APPPATH\Views\admin\common\side_navbar.php(94): CodeIgniter\Debug\Exceptions->errorHandler(2, 'Undefined variable $menus', 'C:\\xampp\\htdocs\\code_igniter\\app\\Views\\admin\\common\\side_navbar.php', 94)
 2 APPPATH\Views\admin\view_page.php(17): include('C:\\xampp\\htdocs\\code_igniter\\app\\Views\\admin\\common\\side_navbar.php')
 3 SYSTEMPATH\View\View.php(228): include('C:\\xampp\\htdocs\\code_igniter\\app\\Views\\admin\\view_page.php')
 4 SYSTEMPATH\View\View.php(231): CodeIgniter\View\View->CodeIgniter\View\{closure}()
 5 SYSTEMPATH\Common.php(1190): CodeIgniter\View\View->render('admin/view_page', [], true)
 6 APPPATH\Controllers\Admin.php(127): view('admin/view_page')
 7 SYSTEMPATH\CodeIgniter.php(942): App\Controllers\Admin->prac_page()
 8 SYSTEMPATH\CodeIgniter.php(502): CodeIgniter\CodeIgniter->runController(Object(App\Controllers\Admin))
 9 SYSTEMPATH\CodeIgniter.php(361): CodeIgniter\CodeIgniter->handleRequest(null, Object(Config\Cache), false)
10 FCPATH\index.php(79): CodeIgniter\CodeIgniter->run()
CRITICAL - 2024-01-13 12:43:53 --> Undefined variable $menus
in APPPATH\Views\admin\common\side_navbar.php on line 94.
 1 APPPATH\Views\admin\common\side_navbar.php(94): CodeIgniter\Debug\Exceptions->errorHandler(2, 'Undefined variable $menus', 'C:\\xampp\\htdocs\\code_igniter\\app\\Views\\admin\\common\\side_navbar.php', 94)
 2 APPPATH\Views\admin\view_page.php(17): include('C:\\xampp\\htdocs\\code_igniter\\app\\Views\\admin\\common\\side_navbar.php')
 3 SYSTEMPATH\View\View.php(228): include('C:\\xampp\\htdocs\\code_igniter\\app\\Views\\admin\\view_page.php')
 4 SYSTEMPATH\View\View.php(231): CodeIgniter\View\View->CodeIgniter\View\{closure}()
 5 SYSTEMPATH\Common.php(1190): CodeIgniter\View\View->render('admin/view_page', [], true)
 6 APPPATH\Controllers\Admin.php(128): view('admin/view_page')
 7 SYSTEMPATH\CodeIgniter.php(942): App\Controllers\Admin->prac_page()
 8 SYSTEMPATH\CodeIgniter.php(502): CodeIgniter\CodeIgniter->runController(Object(App\Controllers\Admin))
 9 SYSTEMPATH\CodeIgniter.php(361): CodeIgniter\CodeIgniter->handleRequest(null, Object(Config\Cache), false)
10 FCPATH\index.php(79): CodeIgniter\CodeIgniter->run()
CRITICAL - 2024-01-13 12:44:08 --> Undefined variable $menus
in APPPATH\Views\admin\common\side_navbar.php on line 94.
 1 APPPATH\Views\admin\common\side_navbar.php(94): CodeIgniter\Debug\Exceptions->errorHandler(2, 'Undefined variable $menus', 'C:\\xampp\\htdocs\\code_igniter\\app\\Views\\admin\\common\\side_navbar.php', 94)
 2 APPPATH\Views\admin\view_page.php(17): include('C:\\xampp\\htdocs\\code_igniter\\app\\Views\\admin\\common\\side_navbar.php')
 3 SYSTEMPATH\View\View.php(228): include('C:\\xampp\\htdocs\\code_igniter\\app\\Views\\admin\\view_page.php')
 4 SYSTEMPATH\View\View.php(231): CodeIgniter\View\View->CodeIgniter\View\{closure}()
 5 SYSTEMPATH\Common.php(1190): CodeIgniter\View\View->render('admin/view_page', [], true)
 6 APPPATH\Controllers\Admin.php(128): view('admin/view_page')
 7 SYSTEMPATH\CodeIgniter.php(942): App\Controllers\Admin->prac_page()
 8 SYSTEMPATH\CodeIgniter.php(502): CodeIgniter\CodeIgniter->runController(Object(App\Controllers\Admin))
 9 SYSTEMPATH\CodeIgniter.php(361): CodeIgniter\CodeIgniter->handleRequest(null, Object(Config\Cache), false)
10 FCPATH\index.php(79): CodeIgniter\CodeIgniter->run()
INFO - 2024-01-13 12:44:09 --> Session: Class initialized using 'CodeIgniter\Session\Handlers\FileHandler' driver.
INFO - 2024-01-13 12:44:11 --> Session: Class initialized using 'CodeIgniter\Session\Handlers\FileHandler' driver.
INFO - 2024-01-13 12:44:13 --> Session: Class initialized using 'CodeIgniter\Session\Handlers\FileHandler' driver.
INFO - 2024-01-13 12:44:19 --> Session: Class initialized using 'CodeIgniter\Session\Handlers\FileHandler' driver.
CRITICAL - 2024-01-13 12:44:42 --> Undefined variable $menus
in APPPATH\Views\admin\common\side_navbar.php on line 94.
 1 APPPATH\Views\admin\common\side_navbar.php(94): CodeIgniter\Debug\Exceptions->errorHandler(2, 'Undefined variable $menus', 'C:\\xampp\\htdocs\\code_igniter\\app\\Views\\admin\\common\\side_navbar.php', 94)
 2 APPPATH\Views\admin\view_page.php(17): include('C:\\xampp\\htdocs\\code_igniter\\app\\Views\\admin\\common\\side_navbar.php')
 3 SYSTEMPATH\View\View.php(228): include('C:\\xampp\\htdocs\\code_igniter\\app\\Views\\admin\\view_page.php')
 4 SYSTEMPATH\View\View.php(231): CodeIgniter\View\View->CodeIgniter\View\{closure}()
 5 SYSTEMPATH\Common.php(1190): CodeIgniter\View\View->render('admin/view_page', [], true)
 6 APPPATH\Controllers\Admin.php(128): view('admin/view_page')
 7 SYSTEMPATH\CodeIgniter.php(942): App\Controllers\Admin->prac_page()
 8 SYSTEMPATH\CodeIgniter.php(502): CodeIgniter\CodeIgniter->runController(Object(App\Controllers\Admin))
 9 SYSTEMPATH\CodeIgniter.php(361): CodeIgniter\CodeIgniter->handleRequest(null, Object(Config\Cache), false)
10 FCPATH\index.php(79): CodeIgniter\CodeIgniter->run()
CRITICAL - 2024-01-13 12:45:30 --> Undefined variable $menus
in APPPATH\Views\admin\common\side_navbar.php on line 94.
 1 APPPATH\Views\admin\common\side_navbar.php(94): CodeIgniter\Debug\Exceptions->errorHandler(2, 'Undefined variable $menus', 'C:\\xampp\\htdocs\\code_igniter\\app\\Views\\admin\\common\\side_navbar.php', 94)
 2 APPPATH\Views\admin\view_page.php(17): include('C:\\xampp\\htdocs\\code_igniter\\app\\Views\\admin\\common\\side_navbar.php')
 3 SYSTEMPATH\View\View.php(228): include('C:\\xampp\\htdocs\\code_igniter\\app\\Views\\admin\\view_page.php')
 4 SYSTEMPATH\View\View.php(231): CodeIgniter\View\View->CodeIgniter\View\{closure}()
 5 SYSTEMPATH\Common.php(1190): CodeIgniter\View\View->render('admin/view_page', [], true)
 6 APPPATH\Controllers\Admin.php(128): view('admin/view_page')
 7 SYSTEMPATH\CodeIgniter.php(942): App\Controllers\Admin->prac_page()
 8 SYSTEMPATH\CodeIgniter.php(502): CodeIgniter\CodeIgniter->runController(Object(App\Controllers\Admin))
 9 SYSTEMPATH\CodeIgniter.php(361): CodeIgniter\CodeIgniter->handleRequest(null, Object(Config\Cache), false)
10 FCPATH\index.php(79): CodeIgniter\CodeIgniter->run()
INFO - 2024-01-13 12:45:33 --> Session: Class initialized using 'CodeIgniter\Session\Handlers\FileHandler' driver.
INFO - 2024-01-13 12:45:34 --> Session: Class initialized using 'CodeIgniter\Session\Handlers\FileHandler' driver.
CRITICAL - 2024-01-13 12:45:41 --> Undefined variable $menus
in APPPATH\Views\admin\common\side_navbar.php on line 94.
 1 APPPATH\Views\admin\common\side_navbar.php(94): CodeIgniter\Debug\Exceptions->errorHandler(2, 'Undefined variable $menus', 'C:\\xampp\\htdocs\\code_igniter\\app\\Views\\admin\\common\\side_navbar.php', 94)
 2 APPPATH\Views\admin\view_page.php(17): include('C:\\xampp\\htdocs\\code_igniter\\app\\Views\\admin\\common\\side_navbar.php')
 3 SYSTEMPATH\View\View.php(228): include('C:\\xampp\\htdocs\\code_igniter\\app\\Views\\admin\\view_page.php')
 4 SYSTEMPATH\View\View.php(231): CodeIgniter\View\View->CodeIgniter\View\{closure}()
 5 SYSTEMPATH\Common.php(1190): CodeIgniter\View\View->render('admin/view_page', [], true)
 6 APPPATH\Controllers\Admin.php(128): view('admin/view_page')
 7 SYSTEMPATH\CodeIgniter.php(942): App\Controllers\Admin->prac_page()
 8 SYSTEMPATH\CodeIgniter.php(502): CodeIgniter\CodeIgniter->runController(Object(App\Controllers\Admin))
 9 SYSTEMPATH\CodeIgniter.php(361): CodeIgniter\CodeIgniter->handleRequest(null, Object(Config\Cache), false)
10 FCPATH\index.php(79): CodeIgniter\CodeIgniter->run()
INFO - 2024-01-13 12:45:43 --> Session: Class initialized using 'CodeIgniter\Session\Handlers\FileHandler' driver.
CRITICAL - 2024-01-13 12:45:46 --> Undefined variable $menus
in APPPATH\Views\admin\common\side_navbar.php on line 94.
 1 APPPATH\Views\admin\common\side_navbar.php(94): CodeIgniter\Debug\Exceptions->errorHandler(2, 'Undefined variable $menus', 'C:\\xampp\\htdocs\\code_igniter\\app\\Views\\admin\\common\\side_navbar.php', 94)
 2 APPPATH\Views\admin\view_page.php(17): include('C:\\xampp\\htdocs\\code_igniter\\app\\Views\\admin\\common\\side_navbar.php')
 3 SYSTEMPATH\View\View.php(228): include('C:\\xampp\\htdocs\\code_igniter\\app\\Views\\admin\\view_page.php')
 4 SYSTEMPATH\View\View.php(231): CodeIgniter\View\View->CodeIgniter\View\{closure}()
 5 SYSTEMPATH\Common.php(1190): CodeIgniter\View\View->render('admin/view_page', [], true)
 6 APPPATH\Controllers\Admin.php(128): view('admin/view_page')
 7 SYSTEMPATH\CodeIgniter.php(942): App\Controllers\Admin->prac_page()
 8 SYSTEMPATH\CodeIgniter.php(502): CodeIgniter\CodeIgniter->runController(Object(App\Controllers\Admin))
 9 SYSTEMPATH\CodeIgniter.php(361): CodeIgniter\CodeIgniter->handleRequest(null, Object(Config\Cache), false)
10 FCPATH\index.php(79): CodeIgniter\CodeIgniter->run()
INFO - 2024-01-13 12:45:48 --> Session: Class initialized using 'CodeIgniter\Session\Handlers\FileHandler' driver.
CRITICAL - 2024-01-13 12:45:50 --> Undefined variable $menus
in APPPATH\Views\admin\common\side_navbar.php on line 94.
 1 APPPATH\Views\admin\common\side_navbar.php(94): CodeIgniter\Debug\Exceptions->errorHandler(2, 'Undefined variable $menus', 'C:\\xampp\\htdocs\\code_igniter\\app\\Views\\admin\\common\\side_navbar.php', 94)
 2 APPPATH\Views\admin\view_page.php(17): include('C:\\xampp\\htdocs\\code_igniter\\app\\Views\\admin\\common\\side_navbar.php')
 3 SYSTEMPATH\View\View.php(228): include('C:\\xampp\\htdocs\\code_igniter\\app\\Views\\admin\\view_page.php')
 4 SYSTEMPATH\View\View.php(231): CodeIgniter\View\View->CodeIgniter\View\{closure}()
 5 SYSTEMPATH\Common.php(1190): CodeIgniter\View\View->render('admin/view_page', [], true)
 6 APPPATH\Controllers\Admin.php(128): view('admin/view_page')
 7 SYSTEMPATH\CodeIgniter.php(942): App\Controllers\Admin->prac_page()
 8 SYSTEMPATH\CodeIgniter.php(502): CodeIgniter\CodeIgniter->runController(Object(App\Controllers\Admin))
 9 SYSTEMPATH\CodeIgniter.php(361): CodeIgniter\CodeIgniter->handleRequest(null, Object(Config\Cache), false)
10 FCPATH\index.php(79): CodeIgniter\CodeIgniter->run()
INFO - 2024-01-13 12:45:52 --> Session: Class initialized using 'CodeIgniter\Session\Handlers\FileHandler' driver.
INFO - 2024-01-13 12:49:46 --> Session: Class initialized using 'CodeIgniter\Session\Handlers\FileHandler' driver.
INFO - 2024-01-13 12:57:15 --> Session: Class initialized using 'CodeIgniter\Session\Handlers\FileHandler' driver.
CRITICAL - 2024-01-13 12:57:21 --> Undefined variable $menus
in APPPATH\Views\admin\common\side_navbar.php on line 94.
 1 APPPATH\Views\admin\common\side_navbar.php(94): CodeIgniter\Debug\Exceptions->errorHandler(2, 'Undefined variable $menus', 'C:\\xampp\\htdocs\\code_igniter\\app\\Views\\admin\\common\\side_navbar.php', 94)
 2 APPPATH\Views\admin\view_page.php(17): include('C:\\xampp\\htdocs\\code_igniter\\app\\Views\\admin\\common\\side_navbar.php')
 3 SYSTEMPATH\View\View.php(228): include('C:\\xampp\\htdocs\\code_igniter\\app\\Views\\admin\\view_page.php')
 4 SYSTEMPATH\View\View.php(231): CodeIgniter\View\View->CodeIgniter\View\{closure}()
 5 SYSTEMPATH\Common.php(1190): CodeIgniter\View\View->render('admin/view_page', [], true)
 6 APPPATH\Controllers\Admin.php(127): view('admin/view_page')
 7 SYSTEMPATH\CodeIgniter.php(942): App\Controllers\Admin->prac_page()
 8 SYSTEMPATH\CodeIgniter.php(502): CodeIgniter\CodeIgniter->runController(Object(App\Controllers\Admin))
 9 SYSTEMPATH\CodeIgniter.php(361): CodeIgniter\CodeIgniter->handleRequest(null, Object(Config\Cache), false)
10 FCPATH\index.php(79): CodeIgniter\CodeIgniter->run()
INFO - 2024-01-13 12:57:23 --> Session: Class initialized using 'CodeIgniter\Session\Handlers\FileHandler' driver.
INFO - 2024-01-13 12:57:34 --> Session: Class initialized using 'CodeIgniter\Session\Handlers\FileHandler' driver.
INFO - 2024-01-13 12:59:02 --> Session: Class initialized using 'CodeIgniter\Session\Handlers\FileHandler' driver.
CRITICAL - 2024-01-13 12:59:06 --> Undefined variable $menus
in APPPATH\Views\admin\common\side_navbar.php on line 93.
 1 APPPATH\Views\admin\common\side_navbar.php(93): CodeIgniter\Debug\Exceptions->errorHandler(2, 'Undefined variable $menus', 'C:\\xampp\\htdocs\\code_igniter\\app\\Views\\admin\\common\\side_navbar.php', 93)
 2 APPPATH\Views\admin\view_page.php(17): include('C:\\xampp\\htdocs\\code_igniter\\app\\Views\\admin\\common\\side_navbar.php')
 3 SYSTEMPATH\View\View.php(228): include('C:\\xampp\\htdocs\\code_igniter\\app\\Views\\admin\\view_page.php')
 4 SYSTEMPATH\View\View.php(231): CodeIgniter\View\View->CodeIgniter\View\{closure}()
 5 SYSTEMPATH\Common.php(1190): CodeIgniter\View\View->render('admin/view_page', [], true)
 6 APPPATH\Controllers\Admin.php(127): view('admin/view_page')
 7 SYSTEMPATH\CodeIgniter.php(942): App\Controllers\Admin->prac_page()
 8 SYSTEMPATH\CodeIgniter.php(502): CodeIgniter\CodeIgniter->runController(Object(App\Controllers\Admin))
 9 SYSTEMPATH\CodeIgniter.php(361): CodeIgniter\CodeIgniter->handleRequest(null, Object(Config\Cache), false)
10 FCPATH\index.php(79): CodeIgniter\CodeIgniter->run()
INFO - 2024-01-13 12:59:56 --> Session: Class initialized using 'CodeIgniter\Session\Handlers\FileHandler' driver.
CRITICAL - 2024-01-13 13:00:00 --> Undefined variable $menus
in APPPATH\Views\admin\common\side_navbar.php on line 93.
 1 APPPATH\Views\admin\common\side_navbar.php(93): CodeIgniter\Debug\Exceptions->errorHandler(2, 'Undefined variable $menus', 'C:\\xampp\\htdocs\\code_igniter\\app\\Views\\admin\\common\\side_navbar.php', 93)
 2 APPPATH\Views\admin\view_page.php(17): include('C:\\xampp\\htdocs\\code_igniter\\app\\Views\\admin\\common\\side_navbar.php')
 3 SYSTEMPATH\View\View.php(228): include('C:\\xampp\\htdocs\\code_igniter\\app\\Views\\admin\\view_page.php')
 4 SYSTEMPATH\View\View.php(231): CodeIgniter\View\View->CodeIgniter\View\{closure}()
 5 SYSTEMPATH\Common.php(1190): CodeIgniter\View\View->render('admin/view_page', [], true)
 6 APPPATH\Controllers\Admin.php(127): view('admin/view_page')
 7 SYSTEMPATH\CodeIgniter.php(942): App\Controllers\Admin->prac_page()
 8 SYSTEMPATH\CodeIgniter.php(502): CodeIgniter\CodeIgniter->runController(Object(App\Controllers\Admin))
 9 SYSTEMPATH\CodeIgniter.php(361): CodeIgniter\CodeIgniter->handleRequest(null, Object(Config\Cache), false)
10 FCPATH\index.php(79): CodeIgniter\CodeIgniter->run()
INFO - 2024-01-13 13:00:04 --> Session: Class initialized using 'CodeIgniter\Session\Handlers\FileHandler' driver.
CRITICAL - 2024-01-13 13:00:07 --> Undefined variable $menus
in APPPATH\Views\admin\common\side_navbar.php on line 93.
 1 APPPATH\Views\admin\common\side_navbar.php(93): CodeIgniter\Debug\Exceptions->errorHandler(2, 'Undefined variable $menus', 'C:\\xampp\\htdocs\\code_igniter\\app\\Views\\admin\\common\\side_navbar.php', 93)
 2 APPPATH\Views\admin\view_page.php(17): include('C:\\xampp\\htdocs\\code_igniter\\app\\Views\\admin\\common\\side_navbar.php')
 3 SYSTEMPATH\View\View.php(228): include('C:\\xampp\\htdocs\\code_igniter\\app\\Views\\admin\\view_page.php')
 4 SYSTEMPATH\View\View.php(231): CodeIgniter\View\View->CodeIgniter\View\{closure}()
 5 SYSTEMPATH\Common.php(1190): CodeIgniter\View\View->render('admin/view_page', [], true)
 6 APPPATH\Controllers\Admin.php(127): view('admin/view_page')
 7 SYSTEMPATH\CodeIgniter.php(942): App\Controllers\Admin->prac_page()
 8 SYSTEMPATH\CodeIgniter.php(502): CodeIgniter\CodeIgniter->runController(Object(App\Controllers\Admin))
 9 SYSTEMPATH\CodeIgniter.php(361): CodeIgniter\CodeIgniter->handleRequest(null, Object(Config\Cache), false)
10 FCPATH\index.php(79): CodeIgniter\CodeIgniter->run()
INFO - 2024-01-13 13:00:09 --> Session: Class initialized using 'CodeIgniter\Session\Handlers\FileHandler' driver.
INFO - 2024-01-13 13:00:49 --> Session: Class initialized using 'CodeIgniter\Session\Handlers\FileHandler' driver.
CRITICAL - 2024-01-13 13:00:53 --> Undefined variable $menus
in APPPATH\Views\admin\common\side_navbar.php on line 93.
 1 APPPATH\Views\admin\common\side_navbar.php(93): CodeIgniter\Debug\Exceptions->errorHandler(2, 'Undefined variable $menus', 'C:\\xampp\\htdocs\\code_igniter\\app\\Views\\admin\\common\\side_navbar.php', 93)
 2 APPPATH\Views\admin\view_page.php(17): include('C:\\xampp\\htdocs\\code_igniter\\app\\Views\\admin\\common\\side_navbar.php')
 3 SYSTEMPATH\View\View.php(228): include('C:\\xampp\\htdocs\\code_igniter\\app\\Views\\admin\\view_page.php')
 4 SYSTEMPATH\View\View.php(231): CodeIgniter\View\View->CodeIgniter\View\{closure}()
 5 SYSTEMPATH\Common.php(1190): CodeIgniter\View\View->render('admin/view_page', [], true)
 6 APPPATH\Controllers\Admin.php(127): view('admin/view_page')
 7 SYSTEMPATH\CodeIgniter.php(942): App\Controllers\Admin->prac_page()
 8 SYSTEMPATH\CodeIgniter.php(502): CodeIgniter\CodeIgniter->runController(Object(App\Controllers\Admin))
 9 SYSTEMPATH\CodeIgniter.php(361): CodeIgniter\CodeIgniter->handleRequest(null, Object(Config\Cache), false)
10 FCPATH\index.php(79): CodeIgniter\CodeIgniter->run()
INFO - 2024-01-13 13:00:59 --> Session: Class initialized using 'CodeIgniter\Session\Handlers\FileHandler' driver.
CRITICAL - 2024-01-13 13:01:11 --> Undefined variable $menus
in APPPATH\Views\admin\common\side_navbar.php on line 93.
 1 APPPATH\Views\admin\common\side_navbar.php(93): CodeIgniter\Debug\Exceptions->errorHandler(2, 'Undefined variable $menus', 'C:\\xampp\\htdocs\\code_igniter\\app\\Views\\admin\\common\\side_navbar.php', 93)
 2 APPPATH\Views\admin\view_page.php(17): include('C:\\xampp\\htdocs\\code_igniter\\app\\Views\\admin\\common\\side_navbar.php')
 3 SYSTEMPATH\View\View.php(228): include('C:\\xampp\\htdocs\\code_igniter\\app\\Views\\admin\\view_page.php')
 4 SYSTEMPATH\View\View.php(231): CodeIgniter\View\View->CodeIgniter\View\{closure}()
 5 SYSTEMPATH\Common.php(1190): CodeIgniter\View\View->render('admin/view_page', [], true)
 6 APPPATH\Controllers\Admin.php(127): view('admin/view_page')
 7 SYSTEMPATH\CodeIgniter.php(942): App\Controllers\Admin->prac_page()
 8 SYSTEMPATH\CodeIgniter.php(502): CodeIgniter\CodeIgniter->runController(Object(App\Controllers\Admin))
 9 SYSTEMPATH\CodeIgniter.php(361): CodeIgniter\CodeIgniter->handleRequest(null, Object(Config\Cache), false)
10 FCPATH\index.php(79): CodeIgniter\CodeIgniter->run()
INFO - 2024-01-13 13:01:37 --> Session: Class initialized using 'CodeIgniter\Session\Handlers\FileHandler' driver.
INFO - 2024-01-13 13:01:38 --> Session: Class initialized using 'CodeIgniter\Session\Handlers\FileHandler' driver.
CRITICAL - 2024-01-13 13:01:42 --> Undefined variable $menus
in APPPATH\Views\admin\common\side_navbar.php on line 93.
 1 APPPATH\Views\admin\common\side_navbar.php(93): CodeIgniter\Debug\Exceptions->errorHandler(2, 'Undefined variable $menus', 'C:\\xampp\\htdocs\\code_igniter\\app\\Views\\admin\\common\\side_navbar.php', 93)
 2 APPPATH\Views\admin\view_page.php(17): include('C:\\xampp\\htdocs\\code_igniter\\app\\Views\\admin\\common\\side_navbar.php')
 3 SYSTEMPATH\View\View.php(228): include('C:\\xampp\\htdocs\\code_igniter\\app\\Views\\admin\\view_page.php')
 4 SYSTEMPATH\View\View.php(231): CodeIgniter\View\View->CodeIgniter\View\{closure}()
 5 SYSTEMPATH\Common.php(1190): CodeIgniter\View\View->render('admin/view_page', [], true)
 6 APPPATH\Controllers\Admin.php(127): view('admin/view_page')
 7 SYSTEMPATH\CodeIgniter.php(942): App\Controllers\Admin->prac_page()
 8 SYSTEMPATH\CodeIgniter.php(502): CodeIgniter\CodeIgniter->runController(Object(App\Controllers\Admin))
 9 SYSTEMPATH\CodeIgniter.php(361): CodeIgniter\CodeIgniter->handleRequest(null, Object(Config\Cache), false)
10 FCPATH\index.php(79): CodeIgniter\CodeIgniter->run()
CRITICAL - 2024-01-13 13:02:48 --> Undefined variable $menus
in APPPATH\Views\admin\common\side_navbar.php on line 93.
 1 APPPATH\Views\admin\common\side_navbar.php(93): CodeIgniter\Debug\Exceptions->errorHandler(2, 'Undefined variable $menus', 'C:\\xampp\\htdocs\\code_igniter\\app\\Views\\admin\\common\\side_navbar.php', 93)
 2 APPPATH\Views\admin\view_page.php(17): include('C:\\xampp\\htdocs\\code_igniter\\app\\Views\\admin\\common\\side_navbar.php')
 3 SYSTEMPATH\View\View.php(228): include('C:\\xampp\\htdocs\\code_igniter\\app\\Views\\admin\\view_page.php')
 4 SYSTEMPATH\View\View.php(231): CodeIgniter\View\View->CodeIgniter\View\{closure}()
 5 SYSTEMPATH\Common.php(1190): CodeIgniter\View\View->render('admin/view_page', [], true)
 6 APPPATH\Controllers\Admin.php(124): view('admin/view_page')
 7 SYSTEMPATH\CodeIgniter.php(942): App\Controllers\Admin->prac_page()
 8 SYSTEMPATH\CodeIgniter.php(502): CodeIgniter\CodeIgniter->runController(Object(App\Controllers\Admin))
 9 SYSTEMPATH\CodeIgniter.php(361): CodeIgniter\CodeIgniter->handleRequest(null, Object(Config\Cache), false)
10 FCPATH\index.php(79): CodeIgniter\CodeIgniter->run()
INFO - 2024-01-13 13:02:50 --> Session: Class initialized using 'CodeIgniter\Session\Handlers\FileHandler' driver.
INFO - 2024-01-13 13:02:53 --> Session: Class initialized using 'CodeIgniter\Session\Handlers\FileHandler' driver.
CRITICAL - 2024-01-13 13:02:56 --> Undefined variable $menus
in APPPATH\Views\admin\common\side_navbar.php on line 93.
 1 APPPATH\Views\admin\common\side_navbar.php(93): CodeIgniter\Debug\Exceptions->errorHandler(2, 'Undefined variable $menus', 'C:\\xampp\\htdocs\\code_igniter\\app\\Views\\admin\\common\\side_navbar.php', 93)
 2 APPPATH\Views\admin\view_page.php(17): include('C:\\xampp\\htdocs\\code_igniter\\app\\Views\\admin\\common\\side_navbar.php')
 3 SYSTEMPATH\View\View.php(228): include('C:\\xampp\\htdocs\\code_igniter\\app\\Views\\admin\\view_page.php')
 4 SYSTEMPATH\View\View.php(231): CodeIgniter\View\View->CodeIgniter\View\{closure}()
 5 SYSTEMPATH\Common.php(1190): CodeIgniter\View\View->render('admin/view_page', [], true)
 6 APPPATH\Controllers\Admin.php(124): view('admin/view_page')
 7 SYSTEMPATH\CodeIgniter.php(942): App\Controllers\Admin->prac_page()
 8 SYSTEMPATH\CodeIgniter.php(502): CodeIgniter\CodeIgniter->runController(Object(App\Controllers\Admin))
 9 SYSTEMPATH\CodeIgniter.php(361): CodeIgniter\CodeIgniter->handleRequest(null, Object(Config\Cache), false)
10 FCPATH\index.php(79): CodeIgniter\CodeIgniter->run()
INFO - 2024-01-13 13:03:47 --> Session: Class initialized using 'CodeIgniter\Session\Handlers\FileHandler' driver.
INFO - 2024-01-13 13:03:48 --> Session: Class initialized using 'CodeIgniter\Session\Handlers\FileHandler' driver.
CRITICAL - 2024-01-13 13:03:51 --> Undefined variable $menus
in APPPATH\Views\admin\common\side_navbar.php on line 93.
 1 APPPATH\Views\admin\common\side_navbar.php(93): CodeIgniter\Debug\Exceptions->errorHandler(2, 'Undefined variable $menus', 'C:\\xampp\\htdocs\\code_igniter\\app\\Views\\admin\\common\\side_navbar.php', 93)
 2 APPPATH\Views\admin\view_page.php(17): include('C:\\xampp\\htdocs\\code_igniter\\app\\Views\\admin\\common\\side_navbar.php')
 3 SYSTEMPATH\View\View.php(228): include('C:\\xampp\\htdocs\\code_igniter\\app\\Views\\admin\\view_page.php')
 4 SYSTEMPATH\View\View.php(231): CodeIgniter\View\View->CodeIgniter\View\{closure}()
 5 SYSTEMPATH\Common.php(1190): CodeIgniter\View\View->render('admin/view_page', [], true)
 6 APPPATH\Controllers\Admin.php(122): view('admin/view_page')
 7 SYSTEMPATH\CodeIgniter.php(942): App\Controllers\Admin->prac_page()
 8 SYSTEMPATH\CodeIgniter.php(502): CodeIgniter\CodeIgniter->runController(Object(App\Controllers\Admin))
 9 SYSTEMPATH\CodeIgniter.php(361): CodeIgniter\CodeIgniter->handleRequest(null, Object(Config\Cache), false)
10 FCPATH\index.php(79): CodeIgniter\CodeIgniter->run()
INFO - 2024-01-13 13:03:54 --> Session: Class initialized using 'CodeIgniter\Session\Handlers\FileHandler' driver.
CRITICAL - 2024-01-13 13:04:08 --> Undefined variable $menus
in APPPATH\Views\admin\common\side_navbar.php on line 93.
 1 APPPATH\Views\admin\common\side_navbar.php(93): CodeIgniter\Debug\Exceptions->errorHandler(2, 'Undefined variable $menus', 'C:\\xampp\\htdocs\\code_igniter\\app\\Views\\admin\\common\\side_navbar.php', 93)
 2 APPPATH\Views\admin\view_page.php(17): include('C:\\xampp\\htdocs\\code_igniter\\app\\Views\\admin\\common\\side_navbar.php')
 3 SYSTEMPATH\View\View.php(228): include('C:\\xampp\\htdocs\\code_igniter\\app\\Views\\admin\\view_page.php')
 4 SYSTEMPATH\View\View.php(231): CodeIgniter\View\View->CodeIgniter\View\{closure}()
 5 SYSTEMPATH\Common.php(1190): CodeIgniter\View\View->render('admin/view_page', [], true)
 6 APPPATH\Controllers\Admin.php(122): view('admin/view_page')
 7 SYSTEMPATH\CodeIgniter.php(942): App\Controllers\Admin->prac_page()
 8 SYSTEMPATH\CodeIgniter.php(502): CodeIgniter\CodeIgniter->runController(Object(App\Controllers\Admin))
 9 SYSTEMPATH\CodeIgniter.php(361): CodeIgniter\CodeIgniter->handleRequest(null, Object(Config\Cache), false)
10 FCPATH\index.php(79): CodeIgniter\CodeIgniter->run()
INFO - 2024-01-13 13:04:10 --> Session: Class initialized using 'CodeIgniter\Session\Handlers\FileHandler' driver.
INFO - 2024-01-13 13:04:43 --> Session: Class initialized using 'CodeIgniter\Session\Handlers\FileHandler' driver.
CRITICAL - 2024-01-13 13:04:46 --> Undefined variable $menus
in APPPATH\Views\admin\common\side_navbar.php on line 93.
 1 APPPATH\Views\admin\common\side_navbar.php(93): CodeIgniter\Debug\Exceptions->errorHandler(2, 'Undefined variable $menus', 'C:\\xampp\\htdocs\\code_igniter\\app\\Views\\admin\\common\\side_navbar.php', 93)
 2 APPPATH\Views\admin\view_page.php(17): include('C:\\xampp\\htdocs\\code_igniter\\app\\Views\\admin\\common\\side_navbar.php')
 3 SYSTEMPATH\View\View.php(228): include('C:\\xampp\\htdocs\\code_igniter\\app\\Views\\admin\\view_page.php')
 4 SYSTEMPATH\View\View.php(231): CodeIgniter\View\View->CodeIgniter\View\{closure}()
 5 SYSTEMPATH\Common.php(1190): CodeIgniter\View\View->render('admin/view_page', [], true)
 6 APPPATH\Controllers\Admin.php(123): view('admin/view_page')
 7 SYSTEMPATH\CodeIgniter.php(942): App\Controllers\Admin->prac_page()
 8 SYSTEMPATH\CodeIgniter.php(502): CodeIgniter\CodeIgniter->runController(Object(App\Controllers\Admin))
 9 SYSTEMPATH\CodeIgniter.php(361): CodeIgniter\CodeIgniter->handleRequest(null, Object(Config\Cache), false)
10 FCPATH\index.php(79): CodeIgniter\CodeIgniter->run()
INFO - 2024-01-13 13:04:48 --> Session: Class initialized using 'CodeIgniter\Session\Handlers\FileHandler' driver.
CRITICAL - 2024-01-13 13:05:42 --> Undefined variable $menus
in APPPATH\Views\admin\common\side_navbar.php on line 93.
 1 APPPATH\Views\admin\common\side_navbar.php(93): CodeIgniter\Debug\Exceptions->errorHandler(2, 'Undefined variable $menus', 'C:\\xampp\\htdocs\\code_igniter\\app\\Views\\admin\\common\\side_navbar.php', 93)
 2 APPPATH\Views\admin\view_page.php(17): include('C:\\xampp\\htdocs\\code_igniter\\app\\Views\\admin\\common\\side_navbar.php')
 3 SYSTEMPATH\View\View.php(228): include('C:\\xampp\\htdocs\\code_igniter\\app\\Views\\admin\\view_page.php')
 4 SYSTEMPATH\View\View.php(231): CodeIgniter\View\View->CodeIgniter\View\{closure}()
 5 SYSTEMPATH\Common.php(1190): CodeIgniter\View\View->render('admin/view_page', [], true)
 6 APPPATH\Controllers\Admin.php(122): view('admin/view_page')
 7 SYSTEMPATH\CodeIgniter.php(942): App\Controllers\Admin->prac_page()
 8 SYSTEMPATH\CodeIgniter.php(502): CodeIgniter\CodeIgniter->runController(Object(App\Controllers\Admin))
 9 SYSTEMPATH\CodeIgniter.php(361): CodeIgniter\CodeIgniter->handleRequest(null, Object(Config\Cache), false)
10 FCPATH\index.php(79): CodeIgniter\CodeIgniter->run()
INFO - 2024-01-13 13:05:48 --> Session: Class initialized using 'CodeIgniter\Session\Handlers\FileHandler' driver.
INFO - 2024-01-13 13:08:24 --> Session: Class initialized using 'CodeIgniter\Session\Handlers\FileHandler' driver.
INFO - 2024-01-13 13:11:52 --> Session: Class initialized using 'CodeIgniter\Session\Handlers\FileHandler' driver.
