CRITICAL - 2023-12-29 11:17:21 --> Invalid file: "home.php"
in SYSTEMPATH\Exceptions\FrameworkException.php on line 39.
 1 SYSTEMPATH\View\View.php(216): CodeIgniter\Exceptions\FrameworkException::forInvalidFile('home.php')
 2 SYSTEMPATH\Common.php(1190): CodeIgniter\View\View->render('home', [], true)
 3 APPPATH\Controllers\Home.php(13): view('home')
 4 SYSTEMPATH\CodeIgniter.php(942): App\Controllers\Home->admin()
 5 SYSTEMPATH\CodeIgniter.php(502): CodeIgniter\CodeIgniter->runController(Object(App\Controllers\Home))
 6 SYSTEMPATH\CodeIgniter.php(361): CodeIgniter\CodeIgniter->handleRequest(null, Object(Config\Cache), false)
 7 FCPATH\index.php(79): CodeIgniter\CodeIgniter->run()
CRITICAL - 2023-12-29 11:18:20 --> Undefined property: CodeIgniter\View\View::$session
in APPPATH\Views\admin\common\header.php on line 22.
 1 APPPATH\Views\admin\common\header.php(22): CodeIgniter\Debug\Exceptions->errorHandler(2, 'Undefined property: CodeIgniter\\View\\View::$session', 'C:\\xampp\\htdocs\\code_igniter\\app\\Views\\admin\\common\\header.php', 22)
 2 APPPATH\Views\admin\home.php(13): include('C:\\xampp\\htdocs\\code_igniter\\app\\Views\\admin\\common\\header.php')
 3 SYSTEMPATH\View\View.php(228): include('C:\\xampp\\htdocs\\code_igniter\\app\\Views\\admin\\home.php')
 4 SYSTEMPATH\View\View.php(231): CodeIgniter\View\View->CodeIgniter\View\{closure}()
 5 SYSTEMPATH\Common.php(1190): CodeIgniter\View\View->render('admin/home', [], true)
 6 APPPATH\Controllers\Home.php(13): view('admin/home')
 7 SYSTEMPATH\CodeIgniter.php(942): App\Controllers\Home->admin()
 8 SYSTEMPATH\CodeIgniter.php(502): CodeIgniter\CodeIgniter->runController(Object(App\Controllers\Home))
 9 SYSTEMPATH\CodeIgniter.php(361): CodeIgniter\CodeIgniter->handleRequest(null, Object(Config\Cache), false)
10 FCPATH\index.php(79): CodeIgniter\CodeIgniter->run()
CRITICAL - 2023-12-29 11:19:00 --> Invalid file: "home.php"
in SYSTEMPATH\Exceptions\FrameworkException.php on line 39.
 1 SYSTEMPATH\View\View.php(216): CodeIgniter\Exceptions\FrameworkException::forInvalidFile('home.php')
 2 SYSTEMPATH\Common.php(1190): CodeIgniter\View\View->render('home', [], true)
 3 APPPATH\Controllers\Home.php(13): view('home')
 4 SYSTEMPATH\CodeIgniter.php(942): App\Controllers\Home->admin()
 5 SYSTEMPATH\CodeIgniter.php(502): CodeIgniter\CodeIgniter->runController(Object(App\Controllers\Home))
 6 SYSTEMPATH\CodeIgniter.php(361): CodeIgniter\CodeIgniter->handleRequest(null, Object(Config\Cache), false)
 7 FCPATH\index.php(79): CodeIgniter\CodeIgniter->run()
CRITICAL - 2023-12-29 11:19:46 --> Invalid file: "home.php"
in SYSTEMPATH\Exceptions\FrameworkException.php on line 39.
 1 SYSTEMPATH\View\View.php(216): CodeIgniter\Exceptions\FrameworkException::forInvalidFile('home.php')
 2 SYSTEMPATH\Common.php(1190): CodeIgniter\View\View->render('home', [], true)
 3 APPPATH\Controllers\Home.php(13): view('home')
 4 SYSTEMPATH\CodeIgniter.php(942): App\Controllers\Home->admin()
 5 SYSTEMPATH\CodeIgniter.php(502): CodeIgniter\CodeIgniter->runController(Object(App\Controllers\Home))
 6 SYSTEMPATH\CodeIgniter.php(361): CodeIgniter\CodeIgniter->handleRequest(null, Object(Config\Cache), false)
 7 FCPATH\index.php(79): CodeIgniter\CodeIgniter->run()
CRITICAL - 2023-12-29 11:19:47 --> Invalid file: "home.php"
in SYSTEMPATH\Exceptions\FrameworkException.php on line 39.
 1 SYSTEMPATH\View\View.php(216): CodeIgniter\Exceptions\FrameworkException::forInvalidFile('home.php')
 2 SYSTEMPATH\Common.php(1190): CodeIgniter\View\View->render('home', [], true)
 3 APPPATH\Controllers\Home.php(13): view('home')
 4 SYSTEMPATH\CodeIgniter.php(942): App\Controllers\Home->admin()
 5 SYSTEMPATH\CodeIgniter.php(502): CodeIgniter\CodeIgniter->runController(Object(App\Controllers\Home))
 6 SYSTEMPATH\CodeIgniter.php(361): CodeIgniter\CodeIgniter->handleRequest(null, Object(Config\Cache), false)
 7 FCPATH\index.php(79): CodeIgniter\CodeIgniter->run()
CRITICAL - 2023-12-29 11:19:57 --> Undefined property: CodeIgniter\View\View::$session
in APPPATH\Views\admin\common\header.php on line 22.
 1 APPPATH\Views\admin\common\header.php(22): CodeIgniter\Debug\Exceptions->errorHandler(2, 'Undefined property: CodeIgniter\\View\\View::$session', 'C:\\xampp\\htdocs\\code_igniter\\app\\Views\\admin\\common\\header.php', 22)
 2 APPPATH\Views\admin\home.php(13): include('C:\\xampp\\htdocs\\code_igniter\\app\\Views\\admin\\common\\header.php')
 3 SYSTEMPATH\View\View.php(228): include('C:\\xampp\\htdocs\\code_igniter\\app\\Views\\admin\\home.php')
 4 SYSTEMPATH\View\View.php(231): CodeIgniter\View\View->CodeIgniter\View\{closure}()
 5 SYSTEMPATH\Common.php(1190): CodeIgniter\View\View->render('admin/home', [], true)
 6 APPPATH\Controllers\Home.php(13): view('admin/home')
 7 SYSTEMPATH\CodeIgniter.php(942): App\Controllers\Home->admin()
 8 SYSTEMPATH\CodeIgniter.php(502): CodeIgniter\CodeIgniter->runController(Object(App\Controllers\Home))
 9 SYSTEMPATH\CodeIgniter.php(361): CodeIgniter\CodeIgniter->handleRequest(null, Object(Config\Cache), false)
10 FCPATH\index.php(79): CodeIgniter\CodeIgniter->run()
CRITICAL - 2023-12-29 11:19:59 --> Undefined property: CodeIgniter\View\View::$session
in APPPATH\Views\admin\common\header.php on line 22.
 1 APPPATH\Views\admin\common\header.php(22): CodeIgniter\Debug\Exceptions->errorHandler(2, 'Undefined property: CodeIgniter\\View\\View::$session', 'C:\\xampp\\htdocs\\code_igniter\\app\\Views\\admin\\common\\header.php', 22)
 2 APPPATH\Views\admin\home.php(13): include('C:\\xampp\\htdocs\\code_igniter\\app\\Views\\admin\\common\\header.php')
 3 SYSTEMPATH\View\View.php(228): include('C:\\xampp\\htdocs\\code_igniter\\app\\Views\\admin\\home.php')
 4 SYSTEMPATH\View\View.php(231): CodeIgniter\View\View->CodeIgniter\View\{closure}()
 5 SYSTEMPATH\Common.php(1190): CodeIgniter\View\View->render('admin/home', [], true)
 6 APPPATH\Controllers\Home.php(13): view('admin/home')
 7 SYSTEMPATH\CodeIgniter.php(942): App\Controllers\Home->admin()
 8 SYSTEMPATH\CodeIgniter.php(502): CodeIgniter\CodeIgniter->runController(Object(App\Controllers\Home))
 9 SYSTEMPATH\CodeIgniter.php(361): CodeIgniter\CodeIgniter->handleRequest(null, Object(Config\Cache), false)
10 FCPATH\index.php(79): CodeIgniter\CodeIgniter->run()
CRITICAL - 2023-12-29 11:20:37 --> Invalid file: "home.php"
in SYSTEMPATH\Exceptions\FrameworkException.php on line 39.
 1 SYSTEMPATH\View\View.php(216): CodeIgniter\Exceptions\FrameworkException::forInvalidFile('home.php')
 2 SYSTEMPATH\Common.php(1190): CodeIgniter\View\View->render('home', [], true)
 3 APPPATH\Controllers\Home.php(13): view('home')
 4 SYSTEMPATH\CodeIgniter.php(942): App\Controllers\Home->admin()
 5 SYSTEMPATH\CodeIgniter.php(502): CodeIgniter\CodeIgniter->runController(Object(App\Controllers\Home))
 6 SYSTEMPATH\CodeIgniter.php(361): CodeIgniter\CodeIgniter->handleRequest(null, Object(Config\Cache), false)
 7 FCPATH\index.php(79): CodeIgniter\CodeIgniter->run()
CRITICAL - 2023-12-29 11:20:38 --> Invalid file: "home.php"
in SYSTEMPATH\Exceptions\FrameworkException.php on line 39.
 1 SYSTEMPATH\View\View.php(216): CodeIgniter\Exceptions\FrameworkException::forInvalidFile('home.php')
 2 SYSTEMPATH\Common.php(1190): CodeIgniter\View\View->render('home', [], true)
 3 APPPATH\Controllers\Home.php(13): view('home')
 4 SYSTEMPATH\CodeIgniter.php(942): App\Controllers\Home->admin()
 5 SYSTEMPATH\CodeIgniter.php(502): CodeIgniter\CodeIgniter->runController(Object(App\Controllers\Home))
 6 SYSTEMPATH\CodeIgniter.php(361): CodeIgniter\CodeIgniter->handleRequest(null, Object(Config\Cache), false)
 7 FCPATH\index.php(79): CodeIgniter\CodeIgniter->run()
CRITICAL - 2023-12-29 11:20:58 --> Undefined variable $settings
in APPPATH\Views\home\common\header.php on line 16.
 1 APPPATH\Views\home\common\header.php(16): CodeIgniter\Debug\Exceptions->errorHandler(2, 'Undefined variable $settings', 'C:\\xampp\\htdocs\\code_igniter\\app\\Views\\home\\common\\header.php', 16)
 2 APPPATH\Views\home\home.php(10): include('C:\\xampp\\htdocs\\code_igniter\\app\\Views\\home\\common\\header.php')
 3 SYSTEMPATH\View\View.php(228): include('C:\\xampp\\htdocs\\code_igniter\\app\\Views\\home\\home.php')
 4 SYSTEMPATH\View\View.php(231): CodeIgniter\View\View->CodeIgniter\View\{closure}()
 5 SYSTEMPATH\Common.php(1190): CodeIgniter\View\View->render('/home/home', [], true)
 6 APPPATH\Controllers\Home.php(13): view('/home/home')
 7 SYSTEMPATH\CodeIgniter.php(942): App\Controllers\Home->admin()
 8 SYSTEMPATH\CodeIgniter.php(502): CodeIgniter\CodeIgniter->runController(Object(App\Controllers\Home))
 9 SYSTEMPATH\CodeIgniter.php(361): CodeIgniter\CodeIgniter->handleRequest(null, Object(Config\Cache), false)
10 FCPATH\index.php(79): CodeIgniter\CodeIgniter->run()
CRITICAL - 2023-12-29 11:21:00 --> Undefined variable $settings
in APPPATH\Views\home\common\header.php on line 16.
 1 APPPATH\Views\home\common\header.php(16): CodeIgniter\Debug\Exceptions->errorHandler(2, 'Undefined variable $settings', 'C:\\xampp\\htdocs\\code_igniter\\app\\Views\\home\\common\\header.php', 16)
 2 APPPATH\Views\home\home.php(10): include('C:\\xampp\\htdocs\\code_igniter\\app\\Views\\home\\common\\header.php')
 3 SYSTEMPATH\View\View.php(228): include('C:\\xampp\\htdocs\\code_igniter\\app\\Views\\home\\home.php')
 4 SYSTEMPATH\View\View.php(231): CodeIgniter\View\View->CodeIgniter\View\{closure}()
 5 SYSTEMPATH\Common.php(1190): CodeIgniter\View\View->render('/home/home', [], true)
 6 APPPATH\Controllers\Home.php(13): view('/home/home')
 7 SYSTEMPATH\CodeIgniter.php(942): App\Controllers\Home->admin()
 8 SYSTEMPATH\CodeIgniter.php(502): CodeIgniter\CodeIgniter->runController(Object(App\Controllers\Home))
 9 SYSTEMPATH\CodeIgniter.php(361): CodeIgniter\CodeIgniter->handleRequest(null, Object(Config\Cache), false)
10 FCPATH\index.php(79): CodeIgniter\CodeIgniter->run()
CRITICAL - 2023-12-29 11:21:08 --> Undefined variable $settings
in APPPATH\Views\home\common\header.php on line 16.
 1 APPPATH\Views\home\common\header.php(16): CodeIgniter\Debug\Exceptions->errorHandler(2, 'Undefined variable $settings', 'C:\\xampp\\htdocs\\code_igniter\\app\\Views\\home\\common\\header.php', 16)
 2 APPPATH\Views\home\home.php(10): include('C:\\xampp\\htdocs\\code_igniter\\app\\Views\\home\\common\\header.php')
 3 SYSTEMPATH\View\View.php(228): include('C:\\xampp\\htdocs\\code_igniter\\app\\Views\\home\\home.php')
 4 SYSTEMPATH\View\View.php(231): CodeIgniter\View\View->CodeIgniter\View\{closure}()
 5 SYSTEMPATH\Common.php(1190): CodeIgniter\View\View->render('home/home', [], true)
 6 APPPATH\Controllers\Home.php(13): view('home/home')
 7 SYSTEMPATH\CodeIgniter.php(942): App\Controllers\Home->admin()
 8 SYSTEMPATH\CodeIgniter.php(502): CodeIgniter\CodeIgniter->runController(Object(App\Controllers\Home))
 9 SYSTEMPATH\CodeIgniter.php(361): CodeIgniter\CodeIgniter->handleRequest(null, Object(Config\Cache), false)
10 FCPATH\index.php(79): CodeIgniter\CodeIgniter->run()
CRITICAL - 2023-12-29 11:21:09 --> Undefined variable $settings
in APPPATH\Views\home\common\header.php on line 16.
 1 APPPATH\Views\home\common\header.php(16): CodeIgniter\Debug\Exceptions->errorHandler(2, 'Undefined variable $settings', 'C:\\xampp\\htdocs\\code_igniter\\app\\Views\\home\\common\\header.php', 16)
 2 APPPATH\Views\home\home.php(10): include('C:\\xampp\\htdocs\\code_igniter\\app\\Views\\home\\common\\header.php')
 3 SYSTEMPATH\View\View.php(228): include('C:\\xampp\\htdocs\\code_igniter\\app\\Views\\home\\home.php')
 4 SYSTEMPATH\View\View.php(231): CodeIgniter\View\View->CodeIgniter\View\{closure}()
 5 SYSTEMPATH\Common.php(1190): CodeIgniter\View\View->render('home/home', [], true)
 6 APPPATH\Controllers\Home.php(13): view('home/home')
 7 SYSTEMPATH\CodeIgniter.php(942): App\Controllers\Home->admin()
 8 SYSTEMPATH\CodeIgniter.php(502): CodeIgniter\CodeIgniter->runController(Object(App\Controllers\Home))
 9 SYSTEMPATH\CodeIgniter.php(361): CodeIgniter\CodeIgniter->handleRequest(null, Object(Config\Cache), false)
10 FCPATH\index.php(79): CodeIgniter\CodeIgniter->run()
CRITICAL - 2023-12-29 11:22:21 --> Undefined property: CodeIgniter\View\View::$session
in APPPATH\Views\admin\common\header.php on line 22.
 1 APPPATH\Views\admin\common\header.php(22): CodeIgniter\Debug\Exceptions->errorHandler(2, 'Undefined property: CodeIgniter\\View\\View::$session', 'C:\\xampp\\htdocs\\code_igniter\\app\\Views\\admin\\common\\header.php', 22)
 2 APPPATH\Views\admin\home.php(13): include('C:\\xampp\\htdocs\\code_igniter\\app\\Views\\admin\\common\\header.php')
 3 SYSTEMPATH\View\View.php(228): include('C:\\xampp\\htdocs\\code_igniter\\app\\Views\\admin\\home.php')
 4 SYSTEMPATH\View\View.php(231): CodeIgniter\View\View->CodeIgniter\View\{closure}()
 5 SYSTEMPATH\Common.php(1190): CodeIgniter\View\View->render('admin/home', [], true)
 6 APPPATH\Controllers\Home.php(13): view('admin/home')
 7 SYSTEMPATH\CodeIgniter.php(942): App\Controllers\Home->admin()
 8 SYSTEMPATH\CodeIgniter.php(502): CodeIgniter\CodeIgniter->runController(Object(App\Controllers\Home))
 9 SYSTEMPATH\CodeIgniter.php(361): CodeIgniter\CodeIgniter->handleRequest(null, Object(Config\Cache), false)
10 FCPATH\index.php(79): CodeIgniter\CodeIgniter->run()
CRITICAL - 2023-12-29 11:23:36 --> Invalid file: "home.php"
in SYSTEMPATH\Exceptions\FrameworkException.php on line 39.
 1 SYSTEMPATH\View\View.php(216): CodeIgniter\Exceptions\FrameworkException::forInvalidFile('home.php')
 2 SYSTEMPATH\Common.php(1190): CodeIgniter\View\View->render('home', [], true)
 3 APPPATH\Controllers\Home.php(13): view('home')
 4 SYSTEMPATH\CodeIgniter.php(942): App\Controllers\Home->admin()
 5 SYSTEMPATH\CodeIgniter.php(502): CodeIgniter\CodeIgniter->runController(Object(App\Controllers\Home))
 6 SYSTEMPATH\CodeIgniter.php(361): CodeIgniter\CodeIgniter->handleRequest(null, Object(Config\Cache), false)
 7 FCPATH\index.php(79): CodeIgniter\CodeIgniter->run()
CRITICAL - 2023-12-29 11:24:05 --> Invalid file: "view/admin/home.php"
in SYSTEMPATH\Exceptions\FrameworkException.php on line 39.
 1 SYSTEMPATH\View\View.php(216): CodeIgniter\Exceptions\FrameworkException::forInvalidFile('view/admin/home.php')
 2 SYSTEMPATH\Common.php(1190): CodeIgniter\View\View->render('view/admin/home', [], true)
 3 APPPATH\Controllers\Home.php(13): view('view/admin/home')
 4 SYSTEMPATH\CodeIgniter.php(942): App\Controllers\Home->admin()
 5 SYSTEMPATH\CodeIgniter.php(502): CodeIgniter\CodeIgniter->runController(Object(App\Controllers\Home))
 6 SYSTEMPATH\CodeIgniter.php(361): CodeIgniter\CodeIgniter->handleRequest(null, Object(Config\Cache), false)
 7 FCPATH\index.php(79): CodeIgniter\CodeIgniter->run()
CRITICAL - 2023-12-29 11:24:07 --> Invalid file: "view/admin/home.php"
in SYSTEMPATH\Exceptions\FrameworkException.php on line 39.
 1 SYSTEMPATH\View\View.php(216): CodeIgniter\Exceptions\FrameworkException::forInvalidFile('view/admin/home.php')
 2 SYSTEMPATH\Common.php(1190): CodeIgniter\View\View->render('view/admin/home', [], true)
 3 APPPATH\Controllers\Home.php(13): view('view/admin/home')
 4 SYSTEMPATH\CodeIgniter.php(942): App\Controllers\Home->admin()
 5 SYSTEMPATH\CodeIgniter.php(502): CodeIgniter\CodeIgniter->runController(Object(App\Controllers\Home))
 6 SYSTEMPATH\CodeIgniter.php(361): CodeIgniter\CodeIgniter->handleRequest(null, Object(Config\Cache), false)
 7 FCPATH\index.php(79): CodeIgniter\CodeIgniter->run()
CRITICAL - 2023-12-29 11:31:24 --> Undefined variable $settings
in APPPATH\Views\home\common\header.php on line 16.
 1 APPPATH\Views\home\common\header.php(16): CodeIgniter\Debug\Exceptions->errorHandler(2, 'Undefined variable $settings', 'C:\\xampp\\htdocs\\code_igniter\\app\\Views\\home\\common\\header.php', 16)
 2 APPPATH\Views\home\home.php(10): include('C:\\xampp\\htdocs\\code_igniter\\app\\Views\\home\\common\\header.php')
 3 SYSTEMPATH\View\View.php(228): include('C:\\xampp\\htdocs\\code_igniter\\app\\Views\\home\\home.php')
 4 SYSTEMPATH\View\View.php(231): CodeIgniter\View\View->CodeIgniter\View\{closure}()
 5 SYSTEMPATH\Common.php(1190): CodeIgniter\View\View->render('home/home', [], true)
 6 APPPATH\Controllers\Home.php(13): view('home/home')
 7 SYSTEMPATH\CodeIgniter.php(942): App\Controllers\Home->admin()
 8 SYSTEMPATH\CodeIgniter.php(502): CodeIgniter\CodeIgniter->runController(Object(App\Controllers\Home))
 9 SYSTEMPATH\CodeIgniter.php(361): CodeIgniter\CodeIgniter->handleRequest(null, Object(Config\Cache), false)
10 FCPATH\index.php(79): CodeIgniter\CodeIgniter->run()
CRITICAL - 2023-12-29 11:32:11 --> Undefined variable $settings
in APPPATH\Views\home\common\header.php on line 16.
 1 APPPATH\Views\home\common\header.php(16): CodeIgniter\Debug\Exceptions->errorHandler(2, 'Undefined variable $settings', 'C:\\xampp\\htdocs\\code_igniter\\app\\Views\\home\\common\\header.php', 16)
 2 APPPATH\Views\home\home.php(10): include('C:\\xampp\\htdocs\\code_igniter\\app\\Views\\home\\common\\header.php')
 3 SYSTEMPATH\View\View.php(228): include('C:\\xampp\\htdocs\\code_igniter\\app\\Views\\home\\home.php')
 4 SYSTEMPATH\View\View.php(231): CodeIgniter\View\View->CodeIgniter\View\{closure}()
 5 SYSTEMPATH\Common.php(1190): CodeIgniter\View\View->render('home/home', [], true)
 6 APPPATH\Controllers\Home.php(13): view('home/home')
 7 SYSTEMPATH\CodeIgniter.php(942): App\Controllers\Home->admin()
 8 SYSTEMPATH\CodeIgniter.php(502): CodeIgniter\CodeIgniter->runController(Object(App\Controllers\Home))
 9 SYSTEMPATH\CodeIgniter.php(361): CodeIgniter\CodeIgniter->handleRequest(null, Object(Config\Cache), false)
10 FCPATH\index.php(79): CodeIgniter\CodeIgniter->run()
CRITICAL - 2023-12-29 11:33:33 --> Undefined variable $settings
in APPPATH\Views\home\common\header.php on line 16.
 1 APPPATH\Views\home\common\header.php(16): CodeIgniter\Debug\Exceptions->errorHandler(2, 'Undefined variable $settings', 'C:\\xampp\\htdocs\\code_igniter\\app\\Views\\home\\common\\header.php', 16)
 2 APPPATH\Views\home\home.php(10): include('C:\\xampp\\htdocs\\code_igniter\\app\\Views\\home\\common\\header.php')
 3 SYSTEMPATH\View\View.php(228): include('C:\\xampp\\htdocs\\code_igniter\\app\\Views\\home\\home.php')
 4 SYSTEMPATH\View\View.php(231): CodeIgniter\View\View->CodeIgniter\View\{closure}()
 5 SYSTEMPATH\Common.php(1190): CodeIgniter\View\View->render('home/home', [], true)
 6 APPPATH\Controllers\Home.php(13): view('home/home')
 7 SYSTEMPATH\CodeIgniter.php(942): App\Controllers\Home->admin()
 8 SYSTEMPATH\CodeIgniter.php(502): CodeIgniter\CodeIgniter->runController(Object(App\Controllers\Home))
 9 SYSTEMPATH\CodeIgniter.php(361): CodeIgniter\CodeIgniter->handleRequest(null, Object(Config\Cache), false)
10 FCPATH\index.php(79): CodeIgniter\CodeIgniter->run()
