ERROR - 2024-02-15 06:03:47 --> Error connecting to the database: mysqli_sql_exception: No connection could be made because the target machine actively refused it in C:\xampp\htdocs\code_igniter\system\Database\MySQLi\Connection.php:184
Stack trace:
#0 C:\xampp\htdocs\code_igniter\system\Database\MySQLi\Connection.php(184): mysqli->real_connect('localhost', 'root', Object(SensitiveParameterValue), 'login_page', 3306, '', 0)
#1 C:\xampp\htdocs\code_igniter\system\Database\BaseConnection.php(392): CodeIgniter\Database\MySQLi\Connection->connect(false)
#2 C:\xampp\htdocs\code_igniter\system\Database\BaseConnection.php(575): CodeIgniter\Database\BaseConnection->initialize()
#3 C:\xampp\htdocs\code_igniter\system\Database\BaseBuilder.php(1615): CodeIgniter\Database\BaseConnection->query('SELECT `menus`....', Array, false)
#4 C:\xampp\htdocs\code_igniter\system\Model.php(237): CodeIgniter\Database\BaseBuilder->get()
#5 C:\xampp\htdocs\code_igniter\system\BaseModel.php(624): CodeIgniter\Model->doFindAll(0, 0)
#6 C:\xampp\htdocs\code_igniter\app\Models\pages.php(19): CodeIgniter\BaseModel->findAll()
#7 C:\xampp\htdocs\code_igniter\app\Controllers\Admin.php(18): App\Models\Pages->getData()
#8 C:\xampp\htdocs\code_igniter\system\CodeIgniter.php(914): App\Controllers\Admin->__construct()
#9 C:\xampp\htdocs\code_igniter\system\CodeIgniter.php(493): CodeIgniter\CodeIgniter->createController()
#10 C:\xampp\htdocs\code_igniter\system\CodeIgniter.php(361): CodeIgniter\CodeIgniter->handleRequest(NULL, Object(Config\Cache), false)
#11 C:\xampp\htdocs\code_igniter\index.php(79): CodeIgniter\CodeIgniter->run()
#12 {main}

Next CodeIgniter\Database\Exceptions\DatabaseException: No connection could be made because the target machine actively refused it in C:\xampp\htdocs\code_igniter\system\Database\MySQLi\Connection.php:229
Stack trace:
#0 C:\xampp\htdocs\code_igniter\system\Database\BaseConnection.php(392): CodeIgniter\Database\MySQLi\Connection->connect(false)
#1 C:\xampp\htdocs\code_igniter\system\Database\BaseConnection.php(575): CodeIgniter\Database\BaseConnection->initialize()
#2 C:\xampp\htdocs\code_igniter\system\Database\BaseBuilder.php(1615): CodeIgniter\Database\BaseConnection->query('SELECT `menus`....', Array, false)
#3 C:\xampp\htdocs\code_igniter\system\Model.php(237): CodeIgniter\Database\BaseBuilder->get()
#4 C:\xampp\htdocs\code_igniter\system\BaseModel.php(624): CodeIgniter\Model->doFindAll(0, 0)
#5 C:\xampp\htdocs\code_igniter\app\Models\pages.php(19): CodeIgniter\BaseModel->findAll()
#6 C:\xampp\htdocs\code_igniter\app\Controllers\Admin.php(18): App\Models\Pages->getData()
#7 C:\xampp\htdocs\code_igniter\system\CodeIgniter.php(914): App\Controllers\Admin->__construct()
#8 C:\xampp\htdocs\code_igniter\system\CodeIgniter.php(493): CodeIgniter\CodeIgniter->createController()
#9 C:\xampp\htdocs\code_igniter\system\CodeIgniter.php(361): CodeIgniter\CodeIgniter->handleRequest(NULL, Object(Config\Cache), false)
#10 C:\xampp\htdocs\code_igniter\index.php(79): CodeIgniter\CodeIgniter->run()
#11 {main}
CRITICAL - 2024-02-15 06:03:47 --> Unable to connect to the database.
Main connection [MySQLi]: No connection could be made because the target machine actively refused it
in SYSTEMPATH\Database\BaseConnection.php on line 428.
 1 SYSTEMPATH\Database\BaseConnection.php(575): CodeIgniter\Database\BaseConnection->initialize()
 2 SYSTEMPATH\Database\BaseBuilder.php(1615): CodeIgniter\Database\BaseConnection->query('SELECT `menus`.`menu_name`, `pages`.*
FROM `pages`
INNER JOIN `menus` ON `menus`.`id` = `pages`.`menu_id`
ORDER BY `id` DESC', [], false)
 3 SYSTEMPATH\Model.php(237): CodeIgniter\Database\BaseBuilder->get()
 4 SYSTEMPATH\BaseModel.php(624): CodeIgniter\Model->doFindAll(0, 0)
 5 APPPATH\Models\pages.php(19): CodeIgniter\BaseModel->findAll()
 6 APPPATH\Controllers\Admin.php(18): App\Models\Pages->getData()
 7 SYSTEMPATH\CodeIgniter.php(914): App\Controllers\Admin->__construct()
 8 SYSTEMPATH\CodeIgniter.php(493): CodeIgniter\CodeIgniter->createController()
 9 SYSTEMPATH\CodeIgniter.php(361): CodeIgniter\CodeIgniter->handleRequest(null, Object(Config\Cache), false)
10 FCPATH\index.php(79): CodeIgniter\CodeIgniter->run()
INFO - 2024-02-15 06:07:13 --> Session: Class initialized using 'CodeIgniter\Session\Handlers\FileHandler' driver.
INFO - 2024-02-15 06:07:17 --> Session: Class initialized using 'CodeIgniter\Session\Handlers\FileHandler' driver.
INFO - 2024-02-15 06:09:30 --> Session: Class initialized using 'CodeIgniter\Session\Handlers\FileHandler' driver.
INFO - 2024-02-15 06:10:01 --> Session: Class initialized using 'CodeIgniter\Session\Handlers\FileHandler' driver.
INFO - 2024-02-15 06:10:17 --> Session: Class initialized using 'CodeIgniter\Session\Handlers\FileHandler' driver.
INFO - 2024-02-15 06:16:37 --> Session: Class initialized using 'CodeIgniter\Session\Handlers\FileHandler' driver.
INFO - 2024-02-15 06:16:56 --> Session: Class initialized using 'CodeIgniter\Session\Handlers\FileHandler' driver.
INFO - 2024-02-15 06:17:06 --> Session: Class initialized using 'CodeIgniter\Session\Handlers\FileHandler' driver.
INFO - 2024-02-15 06:22:13 --> Session: Class initialized using 'CodeIgniter\Session\Handlers\FileHandler' driver.
CRITICAL - 2024-02-15 06:22:31 --> Unsupported operand types: string + string
in APPPATH\Controllers\Admin.php on line 185.
 1 SYSTEMPATH\CodeIgniter.php(942): App\Controllers\Admin->validation()
 2 SYSTEMPATH\CodeIgniter.php(502): CodeIgniter\CodeIgniter->runController(Object(App\Controllers\Admin))
 3 SYSTEMPATH\CodeIgniter.php(361): CodeIgniter\CodeIgniter->handleRequest(null, Object(Config\Cache), false)
 4 FCPATH\index.php(79): CodeIgniter\CodeIgniter->run()
CRITICAL - 2024-02-15 06:23:02 --> Unsupported operand types: int + string
in APPPATH\Controllers\Admin.php on line 185.
 1 SYSTEMPATH\CodeIgniter.php(942): App\Controllers\Admin->validation()
 2 SYSTEMPATH\CodeIgniter.php(502): CodeIgniter\CodeIgniter->runController(Object(App\Controllers\Admin))
 3 SYSTEMPATH\CodeIgniter.php(361): CodeIgniter\CodeIgniter->handleRequest(null, Object(Config\Cache), false)
 4 FCPATH\index.php(79): CodeIgniter\CodeIgniter->run()
CRITICAL - 2024-02-15 06:23:35 --> Unsupported operand types: string + string
in APPPATH\Controllers\Admin.php on line 185.
 1 SYSTEMPATH\CodeIgniter.php(942): App\Controllers\Admin->validation()
 2 SYSTEMPATH\CodeIgniter.php(502): CodeIgniter\CodeIgniter->runController(Object(App\Controllers\Admin))
 3 SYSTEMPATH\CodeIgniter.php(361): CodeIgniter\CodeIgniter->handleRequest(null, Object(Config\Cache), false)
 4 FCPATH\index.php(79): CodeIgniter\CodeIgniter->run()
INFO - 2024-02-15 06:25:13 --> Session: Class initialized using 'CodeIgniter\Session\Handlers\FileHandler' driver.
INFO - 2024-02-15 06:25:18 --> Session: Class initialized using 'CodeIgniter\Session\Handlers\FileHandler' driver.
